3820 [main] INFO  org.myproject.ecommerce.MainApp - Starting MainApp on Lenovo-PC with PID 15680 (started by guangjun in C:\Users\guangjun\intellij_idea_ecommerce\ecommerce)
3836 [main] DEBUG org.myproject.ecommerce.MainApp - Running with Spring Boot v1.1.5.RELEASE, Spring v4.0.6.RELEASE
4084 [main] INFO  o.s.c.a.AnnotationConfigApplicationContext - Refreshing org.springframework.context.annotation.AnnotationConfigApplicationContext@25f38edc: startup date [Thu Jan 04 11:20:34 GMT 2018]; root of context hierarchy
20154 [main] INFO  org.mongodb.driver.cluster - Cluster created with settings {hosts=[localhost:27017], mode=SINGLE, requiredClusterType=UNKNOWN, serverSelectionTimeout='30000 ms', maxWaitQueueSize=500}
20750 [cluster-ClusterId{value='5a4e0e12d267c43d40af3c4e', description='null'}-localhost:27017] INFO  org.mongodb.driver.connection - Opened connection [connectionId{localValue:1}] to localhost:27017
20759 [cluster-ClusterId{value='5a4e0e12d267c43d40af3c4e', description='null'}-localhost:27017] INFO  org.mongodb.driver.cluster - Monitor thread successfully connected to server with description ServerDescription{address=localhost:27017, type=SHARD_ROUTER, state=CONNECTED, ok=true, version=ServerVersion{versionList=[3, 4, 7]}, minWireVersion=0, maxWireVersion=5, maxDocumentSize=16777216, roundTripTimeNanos=2172827}
21444 [main] INFO  org.mongodb.driver.connection - Opened connection [connectionId{localValue:2}] to localhost:27017
34730 [main] INFO  org.mongodb.driver.cluster - Cluster created with settings {hosts=[localhost:27017], mode=SINGLE, requiredClusterType=UNKNOWN, serverSelectionTimeout='30000 ms', maxWaitQueueSize=500}
34747 [cluster-ClusterId{value='5a4e0e20d267c43d40af3c50', description='null'}-localhost:27017] INFO  org.mongodb.driver.connection - Opened connection [connectionId{localValue:3}] to localhost:27017
34754 [cluster-ClusterId{value='5a4e0e20d267c43d40af3c50', description='null'}-localhost:27017] INFO  org.mongodb.driver.cluster - Monitor thread successfully connected to server with description ServerDescription{address=localhost:27017, type=SHARD_ROUTER, state=CONNECTED, ok=true, version=ServerVersion{versionList=[3, 4, 7]}, minWireVersion=0, maxWireVersion=5, maxDocumentSize=16777216, roundTripTimeNanos=2741437}
35573 [main] INFO  o.s.j.e.a.AnnotationMBeanExporter - Registering beans for JMX exposure on startup
35693 [main] INFO  org.myproject.ecommerce.MainApp - Start MongoDB Sharding Application ...
35697 [main] INFO  org.myproject.ecommerce.MainApp - MongoDB Sharding Application Complete ...
35718 [main] INFO  org.myproject.ecommerce.MainApp - Started MainApp in 33.399 seconds (JVM running for 36.621)
35722 [main] INFO  o.s.c.a.AnnotationConfigApplicationContext - Closing org.springframework.context.annotation.AnnotationConfigApplicationContext@25f38edc: startup date [Thu Jan 04 11:20:34 GMT 2018]; root of context hierarchy
35734 [main] INFO  o.s.j.e.a.AnnotationMBeanExporter - Unregistering JMX-exposed beans on shutdown
35762 [main] INFO  o.m.e.services.MongoDBService - dispose of mongoClient
35766 [main] INFO  org.mongodb.driver.connection - Closed connection [connectionId{localValue:2}] to localhost:27017 because the pool has been closed.
4104 [main] INFO  org.myproject.ecommerce.MainApp - Starting MainApp on Lenovo-PC with PID 12896 (started by guangjun in C:\Users\guangjun\intellij_idea_ecommerce\ecommerce)
4121 [main] DEBUG org.myproject.ecommerce.MainApp - Running with Spring Boot v1.1.5.RELEASE, Spring v4.0.6.RELEASE
4376 [main] INFO  o.s.c.a.AnnotationConfigApplicationContext - Refreshing org.springframework.context.annotation.AnnotationConfigApplicationContext@5bda8e08: startup date [Thu Jan 04 17:58:56 GMT 2018]; root of context hierarchy
13510 [main] INFO  org.mongodb.driver.cluster - Cluster created with settings {hosts=[localhost:27017], mode=SINGLE, requiredClusterType=UNKNOWN, serverSelectionTimeout='30000 ms', maxWaitQueueSize=500}
13981 [cluster-ClusterId{value='5a4e6b69d267c43260dc5e0d', description='null'}-localhost:27017] INFO  org.mongodb.driver.connection - Opened connection [connectionId{localValue:1}] to localhost:27017
14012 [cluster-ClusterId{value='5a4e6b69d267c43260dc5e0d', description='null'}-localhost:27017] INFO  org.mongodb.driver.cluster - Monitor thread successfully connected to server with description ServerDescription{address=localhost:27017, type=SHARD_ROUTER, state=CONNECTED, ok=true, version=ServerVersion{versionList=[3, 4, 7]}, minWireVersion=0, maxWireVersion=5, maxDocumentSize=16777216, roundTripTimeNanos=2391958}
14240 [main] INFO  org.mongodb.driver.connection - Opened connection [connectionId{localValue:2}] to localhost:27017
16770 [main] INFO  org.mongodb.driver.cluster - Cluster created with settings {hosts=[localhost:27017], mode=SINGLE, requiredClusterType=UNKNOWN, serverSelectionTimeout='30000 ms', maxWaitQueueSize=500}
16794 [cluster-ClusterId{value='5a4e6b6cd267c43260dc5e0f', description='null'}-localhost:27017] INFO  org.mongodb.driver.connection - Opened connection [connectionId{localValue:3}] to localhost:27017
16797 [cluster-ClusterId{value='5a4e6b6cd267c43260dc5e0f', description='null'}-localhost:27017] INFO  org.mongodb.driver.cluster - Monitor thread successfully connected to server with description ServerDescription{address=localhost:27017, type=SHARD_ROUTER, state=CONNECTED, ok=true, version=ServerVersion{versionList=[3, 4, 7]}, minWireVersion=0, maxWireVersion=5, maxDocumentSize=16777216, roundTripTimeNanos=1866456}
17906 [main] INFO  o.s.j.e.a.AnnotationMBeanExporter - Registering beans for JMX exposure on startup
17950 [main] INFO  org.myproject.ecommerce.MainApp - Start MongoDB Sharding Application ...
17953 [main] INFO  org.myproject.ecommerce.MainApp - MongoDB Sharding Application Complete ...
17957 [main] INFO  org.myproject.ecommerce.MainApp - Started MainApp in 15.311 seconds (JVM running for 19.342)
17963 [main] INFO  o.s.c.a.AnnotationConfigApplicationContext - Closing org.springframework.context.annotation.AnnotationConfigApplicationContext@5bda8e08: startup date [Thu Jan 04 17:58:56 GMT 2018]; root of context hierarchy
17966 [main] INFO  o.s.j.e.a.AnnotationMBeanExporter - Unregistering JMX-exposed beans on shutdown
17988 [main] INFO  o.m.e.services.MongoDBService - dispose of mongoClient
17993 [main] INFO  org.mongodb.driver.connection - Closed connection [connectionId{localValue:2}] to localhost:27017 because the pool has been closed.
4232 [main] INFO  org.myproject.ecommerce.MainApp - Starting MainApp on Lenovo-PC with PID 8952 (started by guangjun in C:\Users\guangjun\intellij_idea_ecommerce\ecommerce)
4249 [main] DEBUG org.myproject.ecommerce.MainApp - Running with Spring Boot v1.1.5.RELEASE, Spring v4.0.6.RELEASE
4488 [main] INFO  o.s.c.a.AnnotationConfigApplicationContext - Refreshing org.springframework.context.annotation.AnnotationConfigApplicationContext@9d5509a: startup date [Thu Jan 04 18:09:15 GMT 2018]; root of context hierarchy
11620 [main] INFO  org.mongodb.driver.cluster - Cluster created with settings {hosts=[localhost:27017], mode=SINGLE, requiredClusterType=UNKNOWN, serverSelectionTimeout='30000 ms', maxWaitQueueSize=500}
12147 [cluster-ClusterId{value='5a4e6dd2d267c422f82fbbce', description='null'}-localhost:27017] INFO  org.mongodb.driver.connection - Opened connection [connectionId{localValue:1}] to localhost:27017
12165 [cluster-ClusterId{value='5a4e6dd2d267c422f82fbbce', description='null'}-localhost:27017] INFO  org.mongodb.driver.cluster - Monitor thread successfully connected to server with description ServerDescription{address=localhost:27017, type=SHARD_ROUTER, state=CONNECTED, ok=true, version=ServerVersion{versionList=[3, 4, 7]}, minWireVersion=0, maxWireVersion=5, maxDocumentSize=16777216, roundTripTimeNanos=2511530}
12318 [main] INFO  org.mongodb.driver.connection - Opened connection [connectionId{localValue:2}] to localhost:27017
3945 [main] INFO  org.myproject.ecommerce.MainApp - Starting MainApp on Lenovo-PC with PID 2260 (started by guangjun in C:\Users\guangjun\intellij_idea_ecommerce\ecommerce)
3964 [main] DEBUG org.myproject.ecommerce.MainApp - Running with Spring Boot v1.1.5.RELEASE, Spring v4.0.6.RELEASE
4221 [main] INFO  o.s.c.a.AnnotationConfigApplicationContext - Refreshing org.springframework.context.annotation.AnnotationConfigApplicationContext@7eac9008: startup date [Thu Jan 04 18:09:45 GMT 2018]; root of context hierarchy
13352 [main] INFO  org.mongodb.driver.cluster - Cluster created with settings {hosts=[localhost:27017], mode=SINGLE, requiredClusterType=UNKNOWN, serverSelectionTimeout='30000 ms', maxWaitQueueSize=500}
13951 [cluster-ClusterId{value='5a4e6df2d267c408d4606cfc', description='null'}-localhost:27017] INFO  org.mongodb.driver.connection - Opened connection [connectionId{localValue:1}] to localhost:27017
14001 [cluster-ClusterId{value='5a4e6df2d267c408d4606cfc', description='null'}-localhost:27017] INFO  org.mongodb.driver.cluster - Monitor thread successfully connected to server with description ServerDescription{address=localhost:27017, type=SHARD_ROUTER, state=CONNECTED, ok=true, version=ServerVersion{versionList=[3, 4, 7]}, minWireVersion=0, maxWireVersion=5, maxDocumentSize=16777216, roundTripTimeNanos=4380551}
14228 [main] INFO  org.mongodb.driver.connection - Opened connection [connectionId{localValue:2}] to localhost:27017
4157 [main] INFO  org.myproject.ecommerce.MainApp - Starting MainApp on Lenovo-PC with PID 3608 (started by guangjun in C:\Users\guangjun\intellij_idea_ecommerce\ecommerce)
4174 [main] DEBUG org.myproject.ecommerce.MainApp - Running with Spring Boot v1.1.5.RELEASE, Spring v4.0.6.RELEASE
4373 [main] INFO  o.s.c.a.AnnotationConfigApplicationContext - Refreshing org.springframework.context.annotation.AnnotationConfigApplicationContext@5bda8e08: startup date [Thu Jan 04 18:11:03 GMT 2018]; root of context hierarchy
13027 [main] INFO  org.mongodb.driver.cluster - Cluster created with settings {hosts=[localhost:27017], mode=SINGLE, requiredClusterType=UNKNOWN, serverSelectionTimeout='30000 ms', maxWaitQueueSize=500}
13436 [cluster-ClusterId{value='5a4e6e40d267c40e185e69a2', description='null'}-localhost:27017] INFO  org.mongodb.driver.connection - Opened connection [connectionId{localValue:1}] to localhost:27017
13452 [cluster-ClusterId{value='5a4e6e40d267c40e185e69a2', description='null'}-localhost:27017] INFO  org.mongodb.driver.cluster - Monitor thread successfully connected to server with description ServerDescription{address=localhost:27017, type=SHARD_ROUTER, state=CONNECTED, ok=true, version=ServerVersion{versionList=[3, 4, 7]}, minWireVersion=0, maxWireVersion=5, maxDocumentSize=16777216, roundTripTimeNanos=2519228}
13597 [main] INFO  org.mongodb.driver.connection - Opened connection [connectionId{localValue:2}] to localhost:27017
20534 [main] INFO  org.mongodb.driver.cluster - Cluster created with settings {hosts=[localhost:27017], mode=SINGLE, requiredClusterType=UNKNOWN, serverSelectionTimeout='30000 ms', maxWaitQueueSize=500}
20561 [cluster-ClusterId{value='5a4e6e48d267c40e185e69a4', description='null'}-localhost:27017] INFO  org.mongodb.driver.connection - Opened connection [connectionId{localValue:3}] to localhost:27017
20566 [cluster-ClusterId{value='5a4e6e48d267c40e185e69a4', description='null'}-localhost:27017] INFO  org.mongodb.driver.cluster - Monitor thread successfully connected to server with description ServerDescription{address=localhost:27017, type=SHARD_ROUTER, state=CONNECTED, ok=true, version=ServerVersion{versionList=[3, 4, 7]}, minWireVersion=0, maxWireVersion=5, maxDocumentSize=16777216, roundTripTimeNanos=2243648}
21402 [main] INFO  o.s.j.e.a.AnnotationMBeanExporter - Registering beans for JMX exposure on startup
21443 [main] INFO  org.myproject.ecommerce.MainApp - Start MongoDB Sharding Application ...
21446 [main] INFO  org.myproject.ecommerce.MainApp - MongoDB Sharding Application Complete ...
21452 [main] INFO  org.myproject.ecommerce.MainApp - Started MainApp in 18.909 seconds (JVM running for 22.724)
21455 [main] INFO  o.s.c.a.AnnotationConfigApplicationContext - Closing org.springframework.context.annotation.AnnotationConfigApplicationContext@5bda8e08: startup date [Thu Jan 04 18:11:03 GMT 2018]; root of context hierarchy
21458 [main] INFO  o.s.j.e.a.AnnotationMBeanExporter - Unregistering JMX-exposed beans on shutdown
21492 [main] INFO  o.m.e.services.MongoDBService - dispose of mongoClient
21498 [main] INFO  org.mongodb.driver.connection - Closed connection [connectionId{localValue:2}] to localhost:27017 because the pool has been closed.
4686 [main] INFO  org.myproject.ecommerce.MainApp - Starting MainApp on Lenovo-PC with PID 12100 (started by guangjun in C:\Users\guangjun\intellij_idea_ecommerce\ecommerce)
4704 [main] DEBUG org.myproject.ecommerce.MainApp - Running with Spring Boot v1.1.5.RELEASE, Spring v4.0.6.RELEASE
4937 [main] INFO  o.s.c.a.AnnotationConfigApplicationContext - Refreshing org.springframework.context.annotation.AnnotationConfigApplicationContext@5bda8e08: startup date [Thu Jan 04 18:15:00 GMT 2018]; root of context hierarchy
13176 [main] INFO  org.mongodb.driver.cluster - Cluster created with settings {hosts=[localhost:27017], mode=SINGLE, requiredClusterType=UNKNOWN, serverSelectionTimeout='30000 ms', maxWaitQueueSize=500}
13748 [cluster-ClusterId{value='5a4e6f2cd267c42f441277d3', description='null'}-localhost:27017] INFO  org.mongodb.driver.connection - Opened connection [connectionId{localValue:1}] to localhost:27017
13760 [cluster-ClusterId{value='5a4e6f2cd267c42f441277d3', description='null'}-localhost:27017] INFO  org.mongodb.driver.cluster - Monitor thread successfully connected to server with description ServerDescription{address=localhost:27017, type=SHARD_ROUTER, state=CONNECTED, ok=true, version=ServerVersion{versionList=[3, 4, 7]}, minWireVersion=0, maxWireVersion=5, maxDocumentSize=16777216, roundTripTimeNanos=2491516}
13994 [main] INFO  org.mongodb.driver.connection - Opened connection [connectionId{localValue:2}] to localhost:27017
16606 [main] INFO  org.mongodb.driver.cluster - Cluster created with settings {hosts=[localhost:27017], mode=SINGLE, requiredClusterType=UNKNOWN, serverSelectionTimeout='30000 ms', maxWaitQueueSize=500}
16633 [cluster-ClusterId{value='5a4e6f30d267c42f441277d5', description='null'}-localhost:27017] INFO  org.mongodb.driver.connection - Opened connection [connectionId{localValue:3}] to localhost:27017
16640 [cluster-ClusterId{value='5a4e6f30d267c42f441277d5', description='null'}-localhost:27017] INFO  org.mongodb.driver.cluster - Monitor thread successfully connected to server with description ServerDescription{address=localhost:27017, type=SHARD_ROUTER, state=CONNECTED, ok=true, version=ServerVersion{versionList=[3, 4, 7]}, minWireVersion=0, maxWireVersion=5, maxDocumentSize=16777216, roundTripTimeNanos=3998229}
17265 [main] INFO  o.s.j.e.a.AnnotationMBeanExporter - Registering beans for JMX exposure on startup
17294 [main] INFO  org.myproject.ecommerce.MainApp - Start MongoDB Sharding Application ...
17297 [main] INFO  org.myproject.ecommerce.MainApp - MongoDB Sharding Application Complete ...
17305 [main] INFO  org.myproject.ecommerce.MainApp - Started MainApp in 14.085 seconds (JVM running for 18.705)
17307 [main] INFO  o.s.c.a.AnnotationConfigApplicationContext - Closing org.springframework.context.annotation.AnnotationConfigApplicationContext@5bda8e08: startup date [Thu Jan 04 18:15:00 GMT 2018]; root of context hierarchy
17310 [main] INFO  o.s.j.e.a.AnnotationMBeanExporter - Unregistering JMX-exposed beans on shutdown
17329 [main] INFO  o.m.e.services.MongoDBService - dispose of mongoClient
17333 [main] INFO  org.mongodb.driver.connection - Closed connection [connectionId{localValue:2}] to localhost:27017 because the pool has been closed.
4435 [main] INFO  org.myproject.ecommerce.MainApp - Starting MainApp on Lenovo-PC with PID 16744 (started by guangjun in C:\Users\guangjun\intellij_idea_ecommerce\ecommerce)
4450 [main] DEBUG org.myproject.ecommerce.MainApp - Running with Spring Boot v1.1.5.RELEASE, Spring v4.0.6.RELEASE
4598 [main] INFO  o.s.c.a.AnnotationConfigApplicationContext - Refreshing org.springframework.context.annotation.AnnotationConfigApplicationContext@5bda8e08: startup date [Thu Jan 04 18:15:51 GMT 2018]; root of context hierarchy
13562 [main] INFO  org.mongodb.driver.cluster - Cluster created with settings {hosts=[localhost:27017], mode=SINGLE, requiredClusterType=UNKNOWN, serverSelectionTimeout='30000 ms', maxWaitQueueSize=500}
14018 [cluster-ClusterId{value='5a4e6f60d267c4416832827b', description='null'}-localhost:27017] INFO  org.mongodb.driver.connection - Opened connection [connectionId{localValue:1}] to localhost:27017
14041 [cluster-ClusterId{value='5a4e6f60d267c4416832827b', description='null'}-localhost:27017] INFO  org.mongodb.driver.cluster - Monitor thread successfully connected to server with description ServerDescription{address=localhost:27017, type=SHARD_ROUTER, state=CONNECTED, ok=true, version=ServerVersion{versionList=[3, 4, 7]}, minWireVersion=0, maxWireVersion=5, maxDocumentSize=16777216, roundTripTimeNanos=3070902}
14243 [main] INFO  org.mongodb.driver.connection - Opened connection [connectionId{localValue:2}] to localhost:27017
1541872 [main] INFO  org.mongodb.driver.cluster - Cluster created with settings {hosts=[localhost:27017], mode=SINGLE, requiredClusterType=UNKNOWN, serverSelectionTimeout='30000 ms', maxWaitQueueSize=500}
1541915 [cluster-ClusterId{value='5a4e7558d267c44168340922', description='null'}-localhost:27017] INFO  org.mongodb.driver.connection - Opened connection [connectionId{localValue:3}] to localhost:27017
1541919 [cluster-ClusterId{value='5a4e7558d267c44168340922', description='null'}-localhost:27017] INFO  org.mongodb.driver.cluster - Monitor thread successfully connected to server with description ServerDescription{address=localhost:27017, type=SHARD_ROUTER, state=CONNECTED, ok=true, version=ServerVersion{versionList=[3, 4, 7]}, minWireVersion=0, maxWireVersion=5, maxDocumentSize=16777216, roundTripTimeNanos=2440711}
1542793 [main] INFO  o.s.j.e.a.AnnotationMBeanExporter - Registering beans for JMX exposure on startup
1542831 [main] INFO  org.myproject.ecommerce.MainApp - Start MongoDB Sharding Application ...
1542834 [main] INFO  org.myproject.ecommerce.MainApp - MongoDB Sharding Application Complete ...
1542854 [main] INFO  org.myproject.ecommerce.MainApp - Started MainApp in 1539.649 seconds (JVM running for 1544.354)
1542857 [main] INFO  o.s.c.a.AnnotationConfigApplicationContext - Closing org.springframework.context.annotation.AnnotationConfigApplicationContext@5bda8e08: startup date [Thu Jan 04 18:15:51 GMT 2018]; root of context hierarchy
1542861 [main] INFO  o.s.j.e.a.AnnotationMBeanExporter - Unregistering JMX-exposed beans on shutdown
1542882 [main] INFO  o.m.e.services.MongoDBService - dispose of mongoClient
1542887 [main] INFO  org.mongodb.driver.connection - Closed connection [connectionId{localValue:2}] to localhost:27017 because the pool has been closed.
4255 [main] INFO  o.myproject.ecommerce.core.MainApp - Starting MainApp on Lenovo-PC with PID 7096 (started by guangjun in C:\Users\guangjun\intellij_idea_ecommerce\ecommerce)
4279 [main] DEBUG o.myproject.ecommerce.core.MainApp - Running with Spring Boot v1.1.5.RELEASE, Spring v4.0.6.RELEASE
4541 [main] INFO  o.s.c.a.AnnotationConfigApplicationContext - Refreshing org.springframework.context.annotation.AnnotationConfigApplicationContext@5bda8e08: startup date [Fri Jan 05 20:59:24 GMT 2018]; root of context hierarchy
14060 [main] INFO  org.mongodb.driver.cluster - Cluster created with settings {hosts=[localhost:27017], mode=SINGLE, requiredClusterType=UNKNOWN, serverSelectionTimeout='30000 ms', maxWaitQueueSize=500}
14775 [cluster-ClusterId{value='5a4fe735d267c41bb800ae16', description='null'}-localhost:27017] INFO  org.mongodb.driver.connection - Opened connection [connectionId{localValue:1}] to localhost:27017
14791 [cluster-ClusterId{value='5a4fe735d267c41bb800ae16', description='null'}-localhost:27017] INFO  org.mongodb.driver.cluster - Monitor thread successfully connected to server with description ServerDescription{address=localhost:27017, type=SHARD_ROUTER, state=CONNECTED, ok=true, version=ServerVersion{versionList=[3, 4, 7]}, minWireVersion=0, maxWireVersion=5, maxDocumentSize=16777216, roundTripTimeNanos=3086811}
14973 [main] INFO  org.mongodb.driver.connection - Opened connection [connectionId{localValue:2}] to localhost:27017
17798 [main] INFO  org.mongodb.driver.cluster - Cluster created with settings {hosts=[localhost:27017], mode=SINGLE, requiredClusterType=UNKNOWN, serverSelectionTimeout='30000 ms', maxWaitQueueSize=500}
17826 [cluster-ClusterId{value='5a4fe739d267c41bb800ae18', description='null'}-localhost:27017] INFO  org.mongodb.driver.connection - Opened connection [connectionId{localValue:3}] to localhost:27017
17834 [cluster-ClusterId{value='5a4fe739d267c41bb800ae18', description='null'}-localhost:27017] INFO  org.mongodb.driver.cluster - Monitor thread successfully connected to server with description ServerDescription{address=localhost:27017, type=SHARD_ROUTER, state=CONNECTED, ok=true, version=ServerVersion{versionList=[3, 4, 7]}, minWireVersion=0, maxWireVersion=5, maxDocumentSize=16777216, roundTripTimeNanos=2268794}
18762 [main] INFO  o.s.j.e.a.AnnotationMBeanExporter - Registering beans for JMX exposure on startup
18811 [main] INFO  o.myproject.ecommerce.core.MainApp - Start MongoDB Sharding Application ...
18815 [main] INFO  o.myproject.ecommerce.core.MainApp - MongoDB Sharding Application Complete ...
18820 [main] INFO  o.myproject.ecommerce.core.MainApp - Started MainApp in 16.125 seconds (JVM running for 20.427)
18823 [main] INFO  o.s.c.a.AnnotationConfigApplicationContext - Closing org.springframework.context.annotation.AnnotationConfigApplicationContext@5bda8e08: startup date [Fri Jan 05 20:59:24 GMT 2018]; root of context hierarchy
18830 [main] INFO  o.s.j.e.a.AnnotationMBeanExporter - Unregistering JMX-exposed beans on shutdown
18850 [main] INFO  o.m.e.core.services.MongoDBService - dispose of mongoClient
18854 [main] INFO  org.mongodb.driver.connection - Closed connection [connectionId{localValue:2}] to localhost:27017 because the pool has been closed.
5263 [main] INFO  org.myproject.ecommerce.app.MainApp - Starting MainApp on Lenovo-PC with PID 12916 (started by guangjun in C:\Users\guangjun\intellij_idea_ecommerce\ecommerce)
5292 [main] DEBUG org.myproject.ecommerce.app.MainApp - Running with Spring Boot v1.1.5.RELEASE, Spring v4.0.6.RELEASE
5769 [main] INFO  o.s.c.a.AnnotationConfigApplicationContext - Refreshing org.springframework.context.annotation.AnnotationConfigApplicationContext@5bda8e08: startup date [Wed Jan 17 20:04:56 GMT 2018]; root of context hierarchy
13409 [main] INFO  o.s.b.l.ClasspathLoggingApplicationListener - Application failed to start with classpath: [jar:file:/C:/Users/guangjun/intellij_idea_ecommerce/ecommerce/ecommerce-application/target/ecommerce-application-1.0-SNAPSHOT.jar!/BOOT-INF/classes!/, jar:file:/C:/Users/guangjun/intellij_idea_ecommerce/ecommerce/ecommerce-application/target/ecommerce-application-1.0-SNAPSHOT.jar!/BOOT-INF/lib/ecommerce-core-1.0-SNAPSHOT.jar!/, jar:file:/C:/Users/guangjun/intellij_idea_ecommerce/ecommerce/ecommerce-application/target/ecommerce-application-1.0-SNAPSHOT.jar!/BOOT-INF/lib/spring-boot-starter-1.5.6.RELEASE.jar!/, jar:file:/C:/Users/guangjun/intellij_idea_ecommerce/ecommerce/ecommerce-application/target/ecommerce-application-1.0-SNAPSHOT.jar!/BOOT-INF/lib/spring-boot-1.1.5.RELEASE.jar!/, jar:file:/C:/Users/guangjun/intellij_idea_ecommerce/ecommerce/ecommerce-application/target/ecommerce-application-1.0-SNAPSHOT.jar!/BOOT-INF/lib/spring-context-4.0.6.RELEASE.jar!/, jar:file:/C:/Users/guangjun/intellij_idea_ecommerce/ecommerce/ecommerce-application/target/ecommerce-application-1.0-SNAPSHOT.jar!/BOOT-INF/lib/spring-aop-4.0.6.RELEASE.jar!/, jar:file:/C:/Users/guangjun/intellij_idea_ecommerce/ecommerce/ecommerce-application/target/ecommerce-application-1.0-SNAPSHOT.jar!/BOOT-INF/lib/aopalliance-1.0.jar!/, jar:file:/C:/Users/guangjun/intellij_idea_ecommerce/ecommerce/ecommerce-application/target/ecommerce-application-1.0-SNAPSHOT.jar!/BOOT-INF/lib/spring-beans-4.0.6.RELEASE.jar!/, jar:file:/C:/Users/guangjun/intellij_idea_ecommerce/ecommerce/ecommerce-application/target/ecommerce-application-1.0-SNAPSHOT.jar!/BOOT-INF/lib/spring-expression-4.0.6.RELEASE.jar!/, jar:file:/C:/Users/guangjun/intellij_idea_ecommerce/ecommerce/ecommerce-application/target/ecommerce-application-1.0-SNAPSHOT.jar!/BOOT-INF/lib/spring-boot-autoconfigure-1.1.5.RELEASE.jar!/, jar:file:/C:/Users/guangjun/intellij_idea_ecommerce/ecommerce/ecommerce-application/target/ecommerce-application-1.0-SNAPSHOT.jar!/BOOT-INF/lib/spring-boot-starter-logging-1.1.5.RELEASE.jar!/, jar:file:/C:/Users/guangjun/intellij_idea_ecommerce/ecommerce/ecommerce-application/target/ecommerce-application-1.0-SNAPSHOT.jar!/BOOT-INF/lib/jul-to-slf4j-1.7.7.jar!/, jar:file:/C:/Users/guangjun/intellij_idea_ecommerce/ecommerce/ecommerce-application/target/ecommerce-application-1.0-SNAPSHOT.jar!/BOOT-INF/lib/log4j-over-slf4j-1.7.7.jar!/, jar:file:/C:/Users/guangjun/intellij_idea_ecommerce/ecommerce/ecommerce-application/target/ecommerce-application-1.0-SNAPSHOT.jar!/BOOT-INF/lib/spring-core-4.0.6.RELEASE.jar!/, jar:file:/C:/Users/guangjun/intellij_idea_ecommerce/ecommerce/ecommerce-application/target/ecommerce-application-1.0-SNAPSHOT.jar!/BOOT-INF/lib/snakeyaml-1.13.jar!/, jar:file:/C:/Users/guangjun/intellij_idea_ecommerce/ecommerce/ecommerce-application/target/ecommerce-application-1.0-SNAPSHOT.jar!/BOOT-INF/lib/javax.annotation-api-1.3.1.jar!/, jar:file:/C:/Users/guangjun/intellij_idea_ecommerce/ecommerce/ecommerce-application/target/ecommerce-application-1.0-SNAPSHOT.jar!/BOOT-INF/lib/mongodb-driver-3.5.0.jar!/, jar:file:/C:/Users/guangjun/intellij_idea_ecommerce/ecommerce/ecommerce-application/target/ecommerce-application-1.0-SNAPSHOT.jar!/BOOT-INF/lib/bson-3.5.0.jar!/, jar:file:/C:/Users/guangjun/intellij_idea_ecommerce/ecommerce/ecommerce-application/target/ecommerce-application-1.0-SNAPSHOT.jar!/BOOT-INF/lib/mongodb-driver-core-3.5.0.jar!/, jar:file:/C:/Users/guangjun/intellij_idea_ecommerce/ecommerce/ecommerce-application/target/ecommerce-application-1.0-SNAPSHOT.jar!/BOOT-INF/lib/jackson-core-2.9.0.jar!/, jar:file:/C:/Users/guangjun/intellij_idea_ecommerce/ecommerce/ecommerce-application/target/ecommerce-application-1.0-SNAPSHOT.jar!/BOOT-INF/lib/jackson-annotations-2.9.0.jar!/, jar:file:/C:/Users/guangjun/intellij_idea_ecommerce/ecommerce/ecommerce-application/target/ecommerce-application-1.0-SNAPSHOT.jar!/BOOT-INF/lib/jackson-databind-2.9.0.jar!/, jar:file:/C:/Users/guangjun/intellij_idea_ecommerce/ecommerce/ecommerce-application/target/ecommerce-application-1.0-SNAPSHOT.jar!/BOOT-INF/lib/jackson-datatype-joda-2.9.0.jar!/, jar:file:/C:/Users/guangjun/intellij_idea_ecommerce/ecommerce/ecommerce-application/target/ecommerce-application-1.0-SNAPSHOT.jar!/BOOT-INF/lib/joda-time-2.3.jar!/, jar:file:/C:/Users/guangjun/intellij_idea_ecommerce/ecommerce/ecommerce-application/target/ecommerce-application-1.0-SNAPSHOT.jar!/BOOT-INF/lib/commons-lang3-3.6.jar!/, jar:file:/C:/Users/guangjun/intellij_idea_ecommerce/ecommerce/ecommerce-application/target/ecommerce-application-1.0-SNAPSHOT.jar!/BOOT-INF/lib/commons-io-1.3.2.jar!/, jar:file:/C:/Users/guangjun/intellij_idea_ecommerce/ecommerce/ecommerce-application/target/ecommerce-application-1.0-SNAPSHOT.jar!/BOOT-INF/lib/logback-classic-1.2.3.jar!/, jar:file:/C:/Users/guangjun/intellij_idea_ecommerce/ecommerce/ecommerce-application/target/ecommerce-application-1.0-SNAPSHOT.jar!/BOOT-INF/lib/logback-core-1.2.3.jar!/, jar:file:/C:/Users/guangjun/intellij_idea_ecommerce/ecommerce/ecommerce-application/target/ecommerce-application-1.0-SNAPSHOT.jar!/BOOT-INF/lib/slf4j-api-1.7.7.jar!/, jar:file:/C:/Users/guangjun/intellij_idea_ecommerce/ecommerce/ecommerce-application/target/ecommerce-application-1.0-SNAPSHOT.jar!/BOOT-INF/lib/jcl-over-slf4j-1.7.25.jar!/]
13422 [main] INFO  o.s.b.a.l.AutoConfigurationReportLoggingInitializer -

Error starting ApplicationContext. To display the auto-configuration report enabled debug logging (start with --debug)


13435 [main] ERROR o.s.boot.SpringApplication - Application startup failed
org.springframework.beans.factory.BeanCreationException: Error creating bean with name 'mainApp': Injection of autowired dependencies failed; nested exception is org.springframework.beans.factory.BeanCreationException: Could not autowire field: private org.myproject.ecommerce.core.services.MongoDBService org.myproject.ecommerce.app.MainApp.mongoDBService; nested exception is org.springframework.beans.factory.NoSuchBeanDefinitionException: No qualifying bean of type [org.myproject.ecommerce.core.services.MongoDBService] found for dependency: expected at least 1 bean which qualifies as autowire candidate for this dependency. Dependency annotations: {@org.springframework.beans.factory.annotation.Autowired(required=true)}
	at org.springframework.beans.factory.annotation.AutowiredAnnotationBeanPostProcessor.postProcessPropertyValues(AutowiredAnnotationBeanPostProcessor.java:292)
	at org.springframework.beans.factory.support.AbstractAutowireCapableBeanFactory.populateBean(AbstractAutowireCapableBeanFactory.java:1185)
	at org.springframework.beans.factory.support.AbstractAutowireCapableBeanFactory.doCreateBean(AbstractAutowireCapableBeanFactory.java:537)
	at org.springframework.beans.factory.support.AbstractAutowireCapableBeanFactory.createBean(AbstractAutowireCapableBeanFactory.java:475)
	at org.springframework.beans.factory.support.AbstractBeanFactory$1.getObject(AbstractBeanFactory.java:302)
	at org.springframework.beans.factory.support.DefaultSingletonBeanRegistry.getSingleton(DefaultSingletonBeanRegistry.java:228)
	at org.springframework.beans.factory.support.AbstractBeanFactory.doGetBean(AbstractBeanFactory.java:298)
	at org.springframework.beans.factory.support.AbstractBeanFactory.getBean(AbstractBeanFactory.java:193)
	at org.springframework.beans.factory.support.DefaultListableBeanFactory.preInstantiateSingletons(DefaultListableBeanFactory.java:703)
	at org.springframework.context.support.AbstractApplicationContext.finishBeanFactoryInitialization(AbstractApplicationContext.java:760)
	at org.springframework.context.support.AbstractApplicationContext.refresh(AbstractApplicationContext.java:482)
	at org.springframework.boot.SpringApplication.refresh(SpringApplication.java:691)
	at org.springframework.boot.SpringApplication.run(SpringApplication.java:320)
	at org.springframework.boot.SpringApplication.run(SpringApplication.java:952)
	at org.springframework.boot.SpringApplication.run(SpringApplication.java:941)
	at org.myproject.ecommerce.app.MainApp.main(MainApp.java:32)
	at java.base/jdk.internal.reflect.NativeMethodAccessorImpl.invoke0(Native Method)
	at java.base/jdk.internal.reflect.NativeMethodAccessorImpl.invoke(NativeMethodAccessorImpl.java:62)
	at java.base/jdk.internal.reflect.DelegatingMethodAccessorImpl.invoke(DelegatingMethodAccessorImpl.java:43)
	at java.base/java.lang.reflect.Method.invoke(Method.java:564)
	at org.springframework.boot.loader.MainMethodRunner.run(MainMethodRunner.java:48)
	at org.springframework.boot.loader.Launcher.launch(Launcher.java:87)
	at org.springframework.boot.loader.Launcher.launch(Launcher.java:50)
	at org.springframework.boot.loader.JarLauncher.main(JarLauncher.java:51)
Caused by: org.springframework.beans.factory.BeanCreationException: Could not autowire field: private org.myproject.ecommerce.core.services.MongoDBService org.myproject.ecommerce.app.MainApp.mongoDBService; nested exception is org.springframework.beans.factory.NoSuchBeanDefinitionException: No qualifying bean of type [org.myproject.ecommerce.core.services.MongoDBService] found for dependency: expected at least 1 bean which qualifies as autowire candidate for this dependency. Dependency annotations: {@org.springframework.beans.factory.annotation.Autowired(required=true)}
	at org.springframework.beans.factory.annotation.AutowiredAnnotationBeanPostProcessor$AutowiredFieldElement.inject(AutowiredAnnotationBeanPostProcessor.java:508)
	at org.springframework.beans.factory.annotation.InjectionMetadata.inject(InjectionMetadata.java:87)
	at org.springframework.beans.factory.annotation.AutowiredAnnotationBeanPostProcessor.postProcessPropertyValues(AutowiredAnnotationBeanPostProcessor.java:289)
	... 23 common frames omitted
Caused by: org.springframework.beans.factory.NoSuchBeanDefinitionException: No qualifying bean of type [org.myproject.ecommerce.core.services.MongoDBService] found for dependency: expected at least 1 bean which qualifies as autowire candidate for this dependency. Dependency annotations: {@org.springframework.beans.factory.annotation.Autowired(required=true)}
	at org.springframework.beans.factory.support.DefaultListableBeanFactory.raiseNoSuchBeanDefinitionException(DefaultListableBeanFactory.java:1103)
	at org.springframework.beans.factory.support.DefaultListableBeanFactory.doResolveDependency(DefaultListableBeanFactory.java:963)
	at org.springframework.beans.factory.support.DefaultListableBeanFactory.resolveDependency(DefaultListableBeanFactory.java:858)
	at org.springframework.beans.factory.annotation.AutowiredAnnotationBeanPostProcessor$AutowiredFieldElement.inject(AutowiredAnnotationBeanPostProcessor.java:480)
	... 25 common frames omitted
4267 [main] INFO  org.myproject.ecommerce.app.MainApp - Starting MainApp on Lenovo-PC with PID 5688 (started by guangjun in C:\Users\guangjun\intellij_idea_ecommerce\ecommerce)
4306 [main] DEBUG org.myproject.ecommerce.app.MainApp - Running with Spring Boot v1.1.5.RELEASE, Spring v4.0.6.RELEASE
4558 [main] INFO  o.s.c.a.AnnotationConfigApplicationContext - Refreshing org.springframework.context.annotation.AnnotationConfigApplicationContext@5bda8e08: startup date [Wed Jan 17 20:06:43 GMT 2018]; root of context hierarchy
10438 [main] INFO  o.s.b.l.ClasspathLoggingApplicationListener - Application failed to start with classpath: [jar:file:/C:/Users/guangjun/intellij_idea_ecommerce/ecommerce/ecommerce-application/target/ecommerce-application-1.0-SNAPSHOT.jar!/BOOT-INF/classes!/, jar:file:/C:/Users/guangjun/intellij_idea_ecommerce/ecommerce/ecommerce-application/target/ecommerce-application-1.0-SNAPSHOT.jar!/BOOT-INF/lib/ecommerce-core-1.0-SNAPSHOT.jar!/, jar:file:/C:/Users/guangjun/intellij_idea_ecommerce/ecommerce/ecommerce-application/target/ecommerce-application-1.0-SNAPSHOT.jar!/BOOT-INF/lib/spring-boot-starter-1.5.6.RELEASE.jar!/, jar:file:/C:/Users/guangjun/intellij_idea_ecommerce/ecommerce/ecommerce-application/target/ecommerce-application-1.0-SNAPSHOT.jar!/BOOT-INF/lib/spring-boot-1.1.5.RELEASE.jar!/, jar:file:/C:/Users/guangjun/intellij_idea_ecommerce/ecommerce/ecommerce-application/target/ecommerce-application-1.0-SNAPSHOT.jar!/BOOT-INF/lib/spring-context-4.0.6.RELEASE.jar!/, jar:file:/C:/Users/guangjun/intellij_idea_ecommerce/ecommerce/ecommerce-application/target/ecommerce-application-1.0-SNAPSHOT.jar!/BOOT-INF/lib/spring-aop-4.0.6.RELEASE.jar!/, jar:file:/C:/Users/guangjun/intellij_idea_ecommerce/ecommerce/ecommerce-application/target/ecommerce-application-1.0-SNAPSHOT.jar!/BOOT-INF/lib/aopalliance-1.0.jar!/, jar:file:/C:/Users/guangjun/intellij_idea_ecommerce/ecommerce/ecommerce-application/target/ecommerce-application-1.0-SNAPSHOT.jar!/BOOT-INF/lib/spring-beans-4.0.6.RELEASE.jar!/, jar:file:/C:/Users/guangjun/intellij_idea_ecommerce/ecommerce/ecommerce-application/target/ecommerce-application-1.0-SNAPSHOT.jar!/BOOT-INF/lib/spring-expression-4.0.6.RELEASE.jar!/, jar:file:/C:/Users/guangjun/intellij_idea_ecommerce/ecommerce/ecommerce-application/target/ecommerce-application-1.0-SNAPSHOT.jar!/BOOT-INF/lib/spring-boot-autoconfigure-1.1.5.RELEASE.jar!/, jar:file:/C:/Users/guangjun/intellij_idea_ecommerce/ecommerce/ecommerce-application/target/ecommerce-application-1.0-SNAPSHOT.jar!/BOOT-INF/lib/spring-boot-starter-logging-1.1.5.RELEASE.jar!/, jar:file:/C:/Users/guangjun/intellij_idea_ecommerce/ecommerce/ecommerce-application/target/ecommerce-application-1.0-SNAPSHOT.jar!/BOOT-INF/lib/jul-to-slf4j-1.7.7.jar!/, jar:file:/C:/Users/guangjun/intellij_idea_ecommerce/ecommerce/ecommerce-application/target/ecommerce-application-1.0-SNAPSHOT.jar!/BOOT-INF/lib/log4j-over-slf4j-1.7.7.jar!/, jar:file:/C:/Users/guangjun/intellij_idea_ecommerce/ecommerce/ecommerce-application/target/ecommerce-application-1.0-SNAPSHOT.jar!/BOOT-INF/lib/spring-core-4.0.6.RELEASE.jar!/, jar:file:/C:/Users/guangjun/intellij_idea_ecommerce/ecommerce/ecommerce-application/target/ecommerce-application-1.0-SNAPSHOT.jar!/BOOT-INF/lib/snakeyaml-1.13.jar!/, jar:file:/C:/Users/guangjun/intellij_idea_ecommerce/ecommerce/ecommerce-application/target/ecommerce-application-1.0-SNAPSHOT.jar!/BOOT-INF/lib/javax.annotation-api-1.3.1.jar!/, jar:file:/C:/Users/guangjun/intellij_idea_ecommerce/ecommerce/ecommerce-application/target/ecommerce-application-1.0-SNAPSHOT.jar!/BOOT-INF/lib/mongodb-driver-3.5.0.jar!/, jar:file:/C:/Users/guangjun/intellij_idea_ecommerce/ecommerce/ecommerce-application/target/ecommerce-application-1.0-SNAPSHOT.jar!/BOOT-INF/lib/bson-3.5.0.jar!/, jar:file:/C:/Users/guangjun/intellij_idea_ecommerce/ecommerce/ecommerce-application/target/ecommerce-application-1.0-SNAPSHOT.jar!/BOOT-INF/lib/mongodb-driver-core-3.5.0.jar!/, jar:file:/C:/Users/guangjun/intellij_idea_ecommerce/ecommerce/ecommerce-application/target/ecommerce-application-1.0-SNAPSHOT.jar!/BOOT-INF/lib/jackson-core-2.9.0.jar!/, jar:file:/C:/Users/guangjun/intellij_idea_ecommerce/ecommerce/ecommerce-application/target/ecommerce-application-1.0-SNAPSHOT.jar!/BOOT-INF/lib/jackson-annotations-2.9.0.jar!/, jar:file:/C:/Users/guangjun/intellij_idea_ecommerce/ecommerce/ecommerce-application/target/ecommerce-application-1.0-SNAPSHOT.jar!/BOOT-INF/lib/jackson-databind-2.9.0.jar!/, jar:file:/C:/Users/guangjun/intellij_idea_ecommerce/ecommerce/ecommerce-application/target/ecommerce-application-1.0-SNAPSHOT.jar!/BOOT-INF/lib/jackson-datatype-joda-2.9.0.jar!/, jar:file:/C:/Users/guangjun/intellij_idea_ecommerce/ecommerce/ecommerce-application/target/ecommerce-application-1.0-SNAPSHOT.jar!/BOOT-INF/lib/joda-time-2.3.jar!/, jar:file:/C:/Users/guangjun/intellij_idea_ecommerce/ecommerce/ecommerce-application/target/ecommerce-application-1.0-SNAPSHOT.jar!/BOOT-INF/lib/commons-lang3-3.6.jar!/, jar:file:/C:/Users/guangjun/intellij_idea_ecommerce/ecommerce/ecommerce-application/target/ecommerce-application-1.0-SNAPSHOT.jar!/BOOT-INF/lib/commons-io-1.3.2.jar!/, jar:file:/C:/Users/guangjun/intellij_idea_ecommerce/ecommerce/ecommerce-application/target/ecommerce-application-1.0-SNAPSHOT.jar!/BOOT-INF/lib/logback-classic-1.2.3.jar!/, jar:file:/C:/Users/guangjun/intellij_idea_ecommerce/ecommerce/ecommerce-application/target/ecommerce-application-1.0-SNAPSHOT.jar!/BOOT-INF/lib/logback-core-1.2.3.jar!/, jar:file:/C:/Users/guangjun/intellij_idea_ecommerce/ecommerce/ecommerce-application/target/ecommerce-application-1.0-SNAPSHOT.jar!/BOOT-INF/lib/slf4j-api-1.7.7.jar!/, jar:file:/C:/Users/guangjun/intellij_idea_ecommerce/ecommerce/ecommerce-application/target/ecommerce-application-1.0-SNAPSHOT.jar!/BOOT-INF/lib/jcl-over-slf4j-1.7.25.jar!/]
10445 [main] INFO  o.s.b.a.l.AutoConfigurationReportLoggingInitializer -

Error starting ApplicationContext. To display the auto-configuration report enabled debug logging (start with --debug)


10474 [main] ERROR o.s.boot.SpringApplication - Application startup failed
org.springframework.beans.factory.BeanCreationException: Error creating bean with name 'mainApp': Injection of autowired dependencies failed; nested exception is org.springframework.beans.factory.BeanCreationException: Could not autowire field: private org.myproject.ecommerce.core.services.MongoDBService org.myproject.ecommerce.app.MainApp.mongoDBService; nested exception is org.springframework.beans.factory.NoSuchBeanDefinitionException: No qualifying bean of type [org.myproject.ecommerce.core.services.MongoDBService] found for dependency: expected at least 1 bean which qualifies as autowire candidate for this dependency. Dependency annotations: {@org.springframework.beans.factory.annotation.Autowired(required=true)}
	at org.springframework.beans.factory.annotation.AutowiredAnnotationBeanPostProcessor.postProcessPropertyValues(AutowiredAnnotationBeanPostProcessor.java:292)
	at org.springframework.beans.factory.support.AbstractAutowireCapableBeanFactory.populateBean(AbstractAutowireCapableBeanFactory.java:1185)
	at org.springframework.beans.factory.support.AbstractAutowireCapableBeanFactory.doCreateBean(AbstractAutowireCapableBeanFactory.java:537)
	at org.springframework.beans.factory.support.AbstractAutowireCapableBeanFactory.createBean(AbstractAutowireCapableBeanFactory.java:475)
	at org.springframework.beans.factory.support.AbstractBeanFactory$1.getObject(AbstractBeanFactory.java:302)
	at org.springframework.beans.factory.support.DefaultSingletonBeanRegistry.getSingleton(DefaultSingletonBeanRegistry.java:228)
	at org.springframework.beans.factory.support.AbstractBeanFactory.doGetBean(AbstractBeanFactory.java:298)
	at org.springframework.beans.factory.support.AbstractBeanFactory.getBean(AbstractBeanFactory.java:193)
	at org.springframework.beans.factory.support.DefaultListableBeanFactory.preInstantiateSingletons(DefaultListableBeanFactory.java:703)
	at org.springframework.context.support.AbstractApplicationContext.finishBeanFactoryInitialization(AbstractApplicationContext.java:760)
	at org.springframework.context.support.AbstractApplicationContext.refresh(AbstractApplicationContext.java:482)
	at org.springframework.boot.SpringApplication.refresh(SpringApplication.java:691)
	at org.springframework.boot.SpringApplication.run(SpringApplication.java:320)
	at org.springframework.boot.SpringApplication.run(SpringApplication.java:952)
	at org.springframework.boot.SpringApplication.run(SpringApplication.java:941)
	at org.myproject.ecommerce.app.MainApp.main(MainApp.java:32)
	at java.base/jdk.internal.reflect.NativeMethodAccessorImpl.invoke0(Native Method)
	at java.base/jdk.internal.reflect.NativeMethodAccessorImpl.invoke(NativeMethodAccessorImpl.java:62)
	at java.base/jdk.internal.reflect.DelegatingMethodAccessorImpl.invoke(DelegatingMethodAccessorImpl.java:43)
	at java.base/java.lang.reflect.Method.invoke(Method.java:564)
	at org.springframework.boot.loader.MainMethodRunner.run(MainMethodRunner.java:48)
	at org.springframework.boot.loader.Launcher.launch(Launcher.java:87)
	at org.springframework.boot.loader.Launcher.launch(Launcher.java:50)
	at org.springframework.boot.loader.JarLauncher.main(JarLauncher.java:51)
Caused by: org.springframework.beans.factory.BeanCreationException: Could not autowire field: private org.myproject.ecommerce.core.services.MongoDBService org.myproject.ecommerce.app.MainApp.mongoDBService; nested exception is org.springframework.beans.factory.NoSuchBeanDefinitionException: No qualifying bean of type [org.myproject.ecommerce.core.services.MongoDBService] found for dependency: expected at least 1 bean which qualifies as autowire candidate for this dependency. Dependency annotations: {@org.springframework.beans.factory.annotation.Autowired(required=true)}
	at org.springframework.beans.factory.annotation.AutowiredAnnotationBeanPostProcessor$AutowiredFieldElement.inject(AutowiredAnnotationBeanPostProcessor.java:508)
	at org.springframework.beans.factory.annotation.InjectionMetadata.inject(InjectionMetadata.java:87)
	at org.springframework.beans.factory.annotation.AutowiredAnnotationBeanPostProcessor.postProcessPropertyValues(AutowiredAnnotationBeanPostProcessor.java:289)
	... 23 common frames omitted
Caused by: org.springframework.beans.factory.NoSuchBeanDefinitionException: No qualifying bean of type [org.myproject.ecommerce.core.services.MongoDBService] found for dependency: expected at least 1 bean which qualifies as autowire candidate for this dependency. Dependency annotations: {@org.springframework.beans.factory.annotation.Autowired(required=true)}
	at org.springframework.beans.factory.support.DefaultListableBeanFactory.raiseNoSuchBeanDefinitionException(DefaultListableBeanFactory.java:1103)
	at org.springframework.beans.factory.support.DefaultListableBeanFactory.doResolveDependency(DefaultListableBeanFactory.java:963)
	at org.springframework.beans.factory.support.DefaultListableBeanFactory.resolveDependency(DefaultListableBeanFactory.java:858)
	at org.springframework.beans.factory.annotation.AutowiredAnnotationBeanPostProcessor$AutowiredFieldElement.inject(AutowiredAnnotationBeanPostProcessor.java:480)
	... 25 common frames omitted
7789 [main] INFO  org.myproject.ecommerce.app.MainApp - Starting MainApp on Lenovo-PC with PID 1956 (started by guangjun in C:\Users\guangjun\intellij_idea_ecommerce\ecommerce)
7805 [main] DEBUG org.myproject.ecommerce.app.MainApp - Running with Spring Boot v1.1.5.RELEASE, Spring v4.0.6.RELEASE
8128 [main] INFO  o.s.c.a.AnnotationConfigApplicationContext - Refreshing org.springframework.context.annotation.AnnotationConfigApplicationContext@5bda8e08: startup date [Sun Jan 21 10:36:07 GMT 2018]; root of context hierarchy
14024 [main] INFO  o.s.b.l.ClasspathLoggingApplicationListener - Application failed to start with classpath: [jar:file:/C:/Users/guangjun/intellij_idea_ecommerce/ecommerce/ecommerce-application/target/ecommerce-application-1.0-SNAPSHOT.jar!/BOOT-INF/classes!/, jar:file:/C:/Users/guangjun/intellij_idea_ecommerce/ecommerce/ecommerce-application/target/ecommerce-application-1.0-SNAPSHOT.jar!/BOOT-INF/lib/ecommerce-core-1.0-SNAPSHOT.jar!/, jar:file:/C:/Users/guangjun/intellij_idea_ecommerce/ecommerce/ecommerce-application/target/ecommerce-application-1.0-SNAPSHOT.jar!/BOOT-INF/lib/spring-boot-starter-1.5.6.RELEASE.jar!/, jar:file:/C:/Users/guangjun/intellij_idea_ecommerce/ecommerce/ecommerce-application/target/ecommerce-application-1.0-SNAPSHOT.jar!/BOOT-INF/lib/spring-boot-1.1.5.RELEASE.jar!/, jar:file:/C:/Users/guangjun/intellij_idea_ecommerce/ecommerce/ecommerce-application/target/ecommerce-application-1.0-SNAPSHOT.jar!/BOOT-INF/lib/spring-context-4.0.6.RELEASE.jar!/, jar:file:/C:/Users/guangjun/intellij_idea_ecommerce/ecommerce/ecommerce-application/target/ecommerce-application-1.0-SNAPSHOT.jar!/BOOT-INF/lib/spring-aop-4.0.6.RELEASE.jar!/, jar:file:/C:/Users/guangjun/intellij_idea_ecommerce/ecommerce/ecommerce-application/target/ecommerce-application-1.0-SNAPSHOT.jar!/BOOT-INF/lib/aopalliance-1.0.jar!/, jar:file:/C:/Users/guangjun/intellij_idea_ecommerce/ecommerce/ecommerce-application/target/ecommerce-application-1.0-SNAPSHOT.jar!/BOOT-INF/lib/spring-beans-4.0.6.RELEASE.jar!/, jar:file:/C:/Users/guangjun/intellij_idea_ecommerce/ecommerce/ecommerce-application/target/ecommerce-application-1.0-SNAPSHOT.jar!/BOOT-INF/lib/spring-expression-4.0.6.RELEASE.jar!/, jar:file:/C:/Users/guangjun/intellij_idea_ecommerce/ecommerce/ecommerce-application/target/ecommerce-application-1.0-SNAPSHOT.jar!/BOOT-INF/lib/spring-boot-autoconfigure-1.1.5.RELEASE.jar!/, jar:file:/C:/Users/guangjun/intellij_idea_ecommerce/ecommerce/ecommerce-application/target/ecommerce-application-1.0-SNAPSHOT.jar!/BOOT-INF/lib/spring-boot-starter-logging-1.1.5.RELEASE.jar!/, jar:file:/C:/Users/guangjun/intellij_idea_ecommerce/ecommerce/ecommerce-application/target/ecommerce-application-1.0-SNAPSHOT.jar!/BOOT-INF/lib/jul-to-slf4j-1.7.7.jar!/, jar:file:/C:/Users/guangjun/intellij_idea_ecommerce/ecommerce/ecommerce-application/target/ecommerce-application-1.0-SNAPSHOT.jar!/BOOT-INF/lib/log4j-over-slf4j-1.7.7.jar!/, jar:file:/C:/Users/guangjun/intellij_idea_ecommerce/ecommerce/ecommerce-application/target/ecommerce-application-1.0-SNAPSHOT.jar!/BOOT-INF/lib/spring-core-4.0.6.RELEASE.jar!/, jar:file:/C:/Users/guangjun/intellij_idea_ecommerce/ecommerce/ecommerce-application/target/ecommerce-application-1.0-SNAPSHOT.jar!/BOOT-INF/lib/snakeyaml-1.13.jar!/, jar:file:/C:/Users/guangjun/intellij_idea_ecommerce/ecommerce/ecommerce-application/target/ecommerce-application-1.0-SNAPSHOT.jar!/BOOT-INF/lib/javax.annotation-api-1.3.1.jar!/, jar:file:/C:/Users/guangjun/intellij_idea_ecommerce/ecommerce/ecommerce-application/target/ecommerce-application-1.0-SNAPSHOT.jar!/BOOT-INF/lib/mongodb-driver-3.5.0.jar!/, jar:file:/C:/Users/guangjun/intellij_idea_ecommerce/ecommerce/ecommerce-application/target/ecommerce-application-1.0-SNAPSHOT.jar!/BOOT-INF/lib/bson-3.5.0.jar!/, jar:file:/C:/Users/guangjun/intellij_idea_ecommerce/ecommerce/ecommerce-application/target/ecommerce-application-1.0-SNAPSHOT.jar!/BOOT-INF/lib/mongodb-driver-core-3.5.0.jar!/, jar:file:/C:/Users/guangjun/intellij_idea_ecommerce/ecommerce/ecommerce-application/target/ecommerce-application-1.0-SNAPSHOT.jar!/BOOT-INF/lib/jackson-core-2.9.0.jar!/, jar:file:/C:/Users/guangjun/intellij_idea_ecommerce/ecommerce/ecommerce-application/target/ecommerce-application-1.0-SNAPSHOT.jar!/BOOT-INF/lib/jackson-annotations-2.9.0.jar!/, jar:file:/C:/Users/guangjun/intellij_idea_ecommerce/ecommerce/ecommerce-application/target/ecommerce-application-1.0-SNAPSHOT.jar!/BOOT-INF/lib/jackson-databind-2.9.0.jar!/, jar:file:/C:/Users/guangjun/intellij_idea_ecommerce/ecommerce/ecommerce-application/target/ecommerce-application-1.0-SNAPSHOT.jar!/BOOT-INF/lib/jackson-datatype-joda-2.9.0.jar!/, jar:file:/C:/Users/guangjun/intellij_idea_ecommerce/ecommerce/ecommerce-application/target/ecommerce-application-1.0-SNAPSHOT.jar!/BOOT-INF/lib/joda-time-2.3.jar!/, jar:file:/C:/Users/guangjun/intellij_idea_ecommerce/ecommerce/ecommerce-application/target/ecommerce-application-1.0-SNAPSHOT.jar!/BOOT-INF/lib/commons-lang3-3.6.jar!/, jar:file:/C:/Users/guangjun/intellij_idea_ecommerce/ecommerce/ecommerce-application/target/ecommerce-application-1.0-SNAPSHOT.jar!/BOOT-INF/lib/commons-io-1.3.2.jar!/, jar:file:/C:/Users/guangjun/intellij_idea_ecommerce/ecommerce/ecommerce-application/target/ecommerce-application-1.0-SNAPSHOT.jar!/BOOT-INF/lib/logback-classic-1.2.3.jar!/, jar:file:/C:/Users/guangjun/intellij_idea_ecommerce/ecommerce/ecommerce-application/target/ecommerce-application-1.0-SNAPSHOT.jar!/BOOT-INF/lib/logback-core-1.2.3.jar!/, jar:file:/C:/Users/guangjun/intellij_idea_ecommerce/ecommerce/ecommerce-application/target/ecommerce-application-1.0-SNAPSHOT.jar!/BOOT-INF/lib/slf4j-api-1.7.7.jar!/, jar:file:/C:/Users/guangjun/intellij_idea_ecommerce/ecommerce/ecommerce-application/target/ecommerce-application-1.0-SNAPSHOT.jar!/BOOT-INF/lib/jcl-over-slf4j-1.7.25.jar!/]
14032 [main] INFO  o.s.b.a.l.AutoConfigurationReportLoggingInitializer -

Error starting ApplicationContext. To display the auto-configuration report enabled debug logging (start with --debug)


14074 [main] ERROR o.s.boot.SpringApplication - Application startup failed
org.springframework.beans.factory.BeanCreationException: Error creating bean with name 'mainApp': Injection of autowired dependencies failed; nested exception is org.springframework.beans.factory.BeanCreationException: Could not autowire field: private org.myproject.ecommerce.core.services.MongoDBService org.myproject.ecommerce.app.MainApp.mongoDBService; nested exception is org.springframework.beans.factory.NoSuchBeanDefinitionException: No qualifying bean of type [org.myproject.ecommerce.core.services.MongoDBService] found for dependency: expected at least 1 bean which qualifies as autowire candidate for this dependency. Dependency annotations: {@org.springframework.beans.factory.annotation.Autowired(required=true)}
	at org.springframework.beans.factory.annotation.AutowiredAnnotationBeanPostProcessor.postProcessPropertyValues(AutowiredAnnotationBeanPostProcessor.java:292)
	at org.springframework.beans.factory.support.AbstractAutowireCapableBeanFactory.populateBean(AbstractAutowireCapableBeanFactory.java:1185)
	at org.springframework.beans.factory.support.AbstractAutowireCapableBeanFactory.doCreateBean(AbstractAutowireCapableBeanFactory.java:537)
	at org.springframework.beans.factory.support.AbstractAutowireCapableBeanFactory.createBean(AbstractAutowireCapableBeanFactory.java:475)
	at org.springframework.beans.factory.support.AbstractBeanFactory$1.getObject(AbstractBeanFactory.java:302)
	at org.springframework.beans.factory.support.DefaultSingletonBeanRegistry.getSingleton(DefaultSingletonBeanRegistry.java:228)
	at org.springframework.beans.factory.support.AbstractBeanFactory.doGetBean(AbstractBeanFactory.java:298)
	at org.springframework.beans.factory.support.AbstractBeanFactory.getBean(AbstractBeanFactory.java:193)
	at org.springframework.beans.factory.support.DefaultListableBeanFactory.preInstantiateSingletons(DefaultListableBeanFactory.java:703)
	at org.springframework.context.support.AbstractApplicationContext.finishBeanFactoryInitialization(AbstractApplicationContext.java:760)
	at org.springframework.context.support.AbstractApplicationContext.refresh(AbstractApplicationContext.java:482)
	at org.springframework.boot.SpringApplication.refresh(SpringApplication.java:691)
	at org.springframework.boot.SpringApplication.run(SpringApplication.java:320)
	at org.springframework.boot.SpringApplication.run(SpringApplication.java:952)
	at org.springframework.boot.SpringApplication.run(SpringApplication.java:941)
	at org.myproject.ecommerce.app.MainApp.main(MainApp.java:32)
	at java.base/jdk.internal.reflect.NativeMethodAccessorImpl.invoke0(Native Method)
	at java.base/jdk.internal.reflect.NativeMethodAccessorImpl.invoke(NativeMethodAccessorImpl.java:62)
	at java.base/jdk.internal.reflect.DelegatingMethodAccessorImpl.invoke(DelegatingMethodAccessorImpl.java:43)
	at java.base/java.lang.reflect.Method.invoke(Method.java:564)
	at org.springframework.boot.loader.MainMethodRunner.run(MainMethodRunner.java:48)
	at org.springframework.boot.loader.Launcher.launch(Launcher.java:87)
	at org.springframework.boot.loader.Launcher.launch(Launcher.java:50)
	at org.springframework.boot.loader.JarLauncher.main(JarLauncher.java:51)
Caused by: org.springframework.beans.factory.BeanCreationException: Could not autowire field: private org.myproject.ecommerce.core.services.MongoDBService org.myproject.ecommerce.app.MainApp.mongoDBService; nested exception is org.springframework.beans.factory.NoSuchBeanDefinitionException: No qualifying bean of type [org.myproject.ecommerce.core.services.MongoDBService] found for dependency: expected at least 1 bean which qualifies as autowire candidate for this dependency. Dependency annotations: {@org.springframework.beans.factory.annotation.Autowired(required=true)}
	at org.springframework.beans.factory.annotation.AutowiredAnnotationBeanPostProcessor$AutowiredFieldElement.inject(AutowiredAnnotationBeanPostProcessor.java:508)
	at org.springframework.beans.factory.annotation.InjectionMetadata.inject(InjectionMetadata.java:87)
	at org.springframework.beans.factory.annotation.AutowiredAnnotationBeanPostProcessor.postProcessPropertyValues(AutowiredAnnotationBeanPostProcessor.java:289)
	... 23 common frames omitted
Caused by: org.springframework.beans.factory.NoSuchBeanDefinitionException: No qualifying bean of type [org.myproject.ecommerce.core.services.MongoDBService] found for dependency: expected at least 1 bean which qualifies as autowire candidate for this dependency. Dependency annotations: {@org.springframework.beans.factory.annotation.Autowired(required=true)}
	at org.springframework.beans.factory.support.DefaultListableBeanFactory.raiseNoSuchBeanDefinitionException(DefaultListableBeanFactory.java:1103)
	at org.springframework.beans.factory.support.DefaultListableBeanFactory.doResolveDependency(DefaultListableBeanFactory.java:963)
	at org.springframework.beans.factory.support.DefaultListableBeanFactory.resolveDependency(DefaultListableBeanFactory.java:858)
	at org.springframework.beans.factory.annotation.AutowiredAnnotationBeanPostProcessor$AutowiredFieldElement.inject(AutowiredAnnotationBeanPostProcessor.java:480)
	... 25 common frames omitted
6311 [main] INFO  org.myproject.ecommerce.app.MainApp - Starting MainApp on Lenovo-PC with PID 16008 (started by guangjun in C:\Users\guangjun\intellij_idea_ecommerce\ecommerce)
6323 [main] DEBUG org.myproject.ecommerce.app.MainApp - Running with Spring Boot v1.1.5.RELEASE, Spring v4.0.6.RELEASE
6493 [main] INFO  o.s.c.a.AnnotationConfigApplicationContext - Refreshing org.springframework.context.annotation.AnnotationConfigApplicationContext@5bda8e08: startup date [Sun Jan 21 10:51:36 GMT 2018]; root of context hierarchy
9622 [main] INFO  o.s.b.l.ClasspathLoggingApplicationListener - Application failed to start with classpath: [jar:file:/C:/Users/guangjun/intellij_idea_ecommerce/ecommerce/ecommerce-application/target/ecommerce-application-1.0-SNAPSHOT.jar!/BOOT-INF/classes!/, jar:file:/C:/Users/guangjun/intellij_idea_ecommerce/ecommerce/ecommerce-application/target/ecommerce-application-1.0-SNAPSHOT.jar!/BOOT-INF/lib/ecommerce-core-1.0-SNAPSHOT.jar!/, jar:file:/C:/Users/guangjun/intellij_idea_ecommerce/ecommerce/ecommerce-application/target/ecommerce-application-1.0-SNAPSHOT.jar!/BOOT-INF/lib/spring-boot-starter-1.5.6.RELEASE.jar!/, jar:file:/C:/Users/guangjun/intellij_idea_ecommerce/ecommerce/ecommerce-application/target/ecommerce-application-1.0-SNAPSHOT.jar!/BOOT-INF/lib/spring-boot-1.1.5.RELEASE.jar!/, jar:file:/C:/Users/guangjun/intellij_idea_ecommerce/ecommerce/ecommerce-application/target/ecommerce-application-1.0-SNAPSHOT.jar!/BOOT-INF/lib/spring-context-4.0.6.RELEASE.jar!/, jar:file:/C:/Users/guangjun/intellij_idea_ecommerce/ecommerce/ecommerce-application/target/ecommerce-application-1.0-SNAPSHOT.jar!/BOOT-INF/lib/spring-aop-4.0.6.RELEASE.jar!/, jar:file:/C:/Users/guangjun/intellij_idea_ecommerce/ecommerce/ecommerce-application/target/ecommerce-application-1.0-SNAPSHOT.jar!/BOOT-INF/lib/aopalliance-1.0.jar!/, jar:file:/C:/Users/guangjun/intellij_idea_ecommerce/ecommerce/ecommerce-application/target/ecommerce-application-1.0-SNAPSHOT.jar!/BOOT-INF/lib/spring-beans-4.0.6.RELEASE.jar!/, jar:file:/C:/Users/guangjun/intellij_idea_ecommerce/ecommerce/ecommerce-application/target/ecommerce-application-1.0-SNAPSHOT.jar!/BOOT-INF/lib/spring-expression-4.0.6.RELEASE.jar!/, jar:file:/C:/Users/guangjun/intellij_idea_ecommerce/ecommerce/ecommerce-application/target/ecommerce-application-1.0-SNAPSHOT.jar!/BOOT-INF/lib/spring-boot-autoconfigure-1.1.5.RELEASE.jar!/, jar:file:/C:/Users/guangjun/intellij_idea_ecommerce/ecommerce/ecommerce-application/target/ecommerce-application-1.0-SNAPSHOT.jar!/BOOT-INF/lib/spring-boot-starter-logging-1.1.5.RELEASE.jar!/, jar:file:/C:/Users/guangjun/intellij_idea_ecommerce/ecommerce/ecommerce-application/target/ecommerce-application-1.0-SNAPSHOT.jar!/BOOT-INF/lib/jul-to-slf4j-1.7.7.jar!/, jar:file:/C:/Users/guangjun/intellij_idea_ecommerce/ecommerce/ecommerce-application/target/ecommerce-application-1.0-SNAPSHOT.jar!/BOOT-INF/lib/log4j-over-slf4j-1.7.7.jar!/, jar:file:/C:/Users/guangjun/intellij_idea_ecommerce/ecommerce/ecommerce-application/target/ecommerce-application-1.0-SNAPSHOT.jar!/BOOT-INF/lib/spring-core-4.0.6.RELEASE.jar!/, jar:file:/C:/Users/guangjun/intellij_idea_ecommerce/ecommerce/ecommerce-application/target/ecommerce-application-1.0-SNAPSHOT.jar!/BOOT-INF/lib/snakeyaml-1.13.jar!/, jar:file:/C:/Users/guangjun/intellij_idea_ecommerce/ecommerce/ecommerce-application/target/ecommerce-application-1.0-SNAPSHOT.jar!/BOOT-INF/lib/javax.annotation-api-1.3.1.jar!/, jar:file:/C:/Users/guangjun/intellij_idea_ecommerce/ecommerce/ecommerce-application/target/ecommerce-application-1.0-SNAPSHOT.jar!/BOOT-INF/lib/mongodb-driver-3.5.0.jar!/, jar:file:/C:/Users/guangjun/intellij_idea_ecommerce/ecommerce/ecommerce-application/target/ecommerce-application-1.0-SNAPSHOT.jar!/BOOT-INF/lib/bson-3.5.0.jar!/, jar:file:/C:/Users/guangjun/intellij_idea_ecommerce/ecommerce/ecommerce-application/target/ecommerce-application-1.0-SNAPSHOT.jar!/BOOT-INF/lib/mongodb-driver-core-3.5.0.jar!/, jar:file:/C:/Users/guangjun/intellij_idea_ecommerce/ecommerce/ecommerce-application/target/ecommerce-application-1.0-SNAPSHOT.jar!/BOOT-INF/lib/jackson-core-2.9.0.jar!/, jar:file:/C:/Users/guangjun/intellij_idea_ecommerce/ecommerce/ecommerce-application/target/ecommerce-application-1.0-SNAPSHOT.jar!/BOOT-INF/lib/jackson-annotations-2.9.0.jar!/, jar:file:/C:/Users/guangjun/intellij_idea_ecommerce/ecommerce/ecommerce-application/target/ecommerce-application-1.0-SNAPSHOT.jar!/BOOT-INF/lib/jackson-databind-2.9.0.jar!/, jar:file:/C:/Users/guangjun/intellij_idea_ecommerce/ecommerce/ecommerce-application/target/ecommerce-application-1.0-SNAPSHOT.jar!/BOOT-INF/lib/jackson-datatype-joda-2.9.0.jar!/, jar:file:/C:/Users/guangjun/intellij_idea_ecommerce/ecommerce/ecommerce-application/target/ecommerce-application-1.0-SNAPSHOT.jar!/BOOT-INF/lib/joda-time-2.3.jar!/, jar:file:/C:/Users/guangjun/intellij_idea_ecommerce/ecommerce/ecommerce-application/target/ecommerce-application-1.0-SNAPSHOT.jar!/BOOT-INF/lib/commons-lang3-3.6.jar!/, jar:file:/C:/Users/guangjun/intellij_idea_ecommerce/ecommerce/ecommerce-application/target/ecommerce-application-1.0-SNAPSHOT.jar!/BOOT-INF/lib/commons-io-1.3.2.jar!/, jar:file:/C:/Users/guangjun/intellij_idea_ecommerce/ecommerce/ecommerce-application/target/ecommerce-application-1.0-SNAPSHOT.jar!/BOOT-INF/lib/logback-classic-1.2.3.jar!/, jar:file:/C:/Users/guangjun/intellij_idea_ecommerce/ecommerce/ecommerce-application/target/ecommerce-application-1.0-SNAPSHOT.jar!/BOOT-INF/lib/logback-core-1.2.3.jar!/, jar:file:/C:/Users/guangjun/intellij_idea_ecommerce/ecommerce/ecommerce-application/target/ecommerce-application-1.0-SNAPSHOT.jar!/BOOT-INF/lib/slf4j-api-1.7.7.jar!/, jar:file:/C:/Users/guangjun/intellij_idea_ecommerce/ecommerce/ecommerce-application/target/ecommerce-application-1.0-SNAPSHOT.jar!/BOOT-INF/lib/jcl-over-slf4j-1.7.25.jar!/]
9626 [main] INFO  o.s.b.a.l.AutoConfigurationReportLoggingInitializer -

Error starting ApplicationContext. To display the auto-configuration report enabled debug logging (start with --debug)


9633 [main] ERROR o.s.boot.SpringApplication - Application startup failed
org.springframework.beans.factory.BeanCreationException: Error creating bean with name 'mainApp': Injection of autowired dependencies failed; nested exception is org.springframework.beans.factory.BeanCreationException: Could not autowire field: private org.myproject.ecommerce.core.services.MongoDBService org.myproject.ecommerce.app.MainApp.mongoDBService; nested exception is org.springframework.beans.factory.NoSuchBeanDefinitionException: No qualifying bean of type [org.myproject.ecommerce.core.services.MongoDBService] found for dependency: expected at least 1 bean which qualifies as autowire candidate for this dependency. Dependency annotations: {@org.springframework.beans.factory.annotation.Autowired(required=true)}
	at org.springframework.beans.factory.annotation.AutowiredAnnotationBeanPostProcessor.postProcessPropertyValues(AutowiredAnnotationBeanPostProcessor.java:292)
	at org.springframework.beans.factory.support.AbstractAutowireCapableBeanFactory.populateBean(AbstractAutowireCapableBeanFactory.java:1185)
	at org.springframework.beans.factory.support.AbstractAutowireCapableBeanFactory.doCreateBean(AbstractAutowireCapableBeanFactory.java:537)
	at org.springframework.beans.factory.support.AbstractAutowireCapableBeanFactory.createBean(AbstractAutowireCapableBeanFactory.java:475)
	at org.springframework.beans.factory.support.AbstractBeanFactory$1.getObject(AbstractBeanFactory.java:302)
	at org.springframework.beans.factory.support.DefaultSingletonBeanRegistry.getSingleton(DefaultSingletonBeanRegistry.java:228)
	at org.springframework.beans.factory.support.AbstractBeanFactory.doGetBean(AbstractBeanFactory.java:298)
	at org.springframework.beans.factory.support.AbstractBeanFactory.getBean(AbstractBeanFactory.java:193)
	at org.springframework.beans.factory.support.DefaultListableBeanFactory.preInstantiateSingletons(DefaultListableBeanFactory.java:703)
	at org.springframework.context.support.AbstractApplicationContext.finishBeanFactoryInitialization(AbstractApplicationContext.java:760)
	at org.springframework.context.support.AbstractApplicationContext.refresh(AbstractApplicationContext.java:482)
	at org.springframework.boot.SpringApplication.refresh(SpringApplication.java:691)
	at org.springframework.boot.SpringApplication.run(SpringApplication.java:320)
	at org.springframework.boot.SpringApplication.run(SpringApplication.java:952)
	at org.springframework.boot.SpringApplication.run(SpringApplication.java:941)
	at org.myproject.ecommerce.app.MainApp.main(MainApp.java:32)
	at java.base/jdk.internal.reflect.NativeMethodAccessorImpl.invoke0(Native Method)
	at java.base/jdk.internal.reflect.NativeMethodAccessorImpl.invoke(NativeMethodAccessorImpl.java:62)
	at java.base/jdk.internal.reflect.DelegatingMethodAccessorImpl.invoke(DelegatingMethodAccessorImpl.java:43)
	at java.base/java.lang.reflect.Method.invoke(Method.java:564)
	at org.springframework.boot.loader.MainMethodRunner.run(MainMethodRunner.java:48)
	at org.springframework.boot.loader.Launcher.launch(Launcher.java:87)
	at org.springframework.boot.loader.Launcher.launch(Launcher.java:50)
	at org.springframework.boot.loader.JarLauncher.main(JarLauncher.java:51)
Caused by: org.springframework.beans.factory.BeanCreationException: Could not autowire field: private org.myproject.ecommerce.core.services.MongoDBService org.myproject.ecommerce.app.MainApp.mongoDBService; nested exception is org.springframework.beans.factory.NoSuchBeanDefinitionException: No qualifying bean of type [org.myproject.ecommerce.core.services.MongoDBService] found for dependency: expected at least 1 bean which qualifies as autowire candidate for this dependency. Dependency annotations: {@org.springframework.beans.factory.annotation.Autowired(required=true)}
	at org.springframework.beans.factory.annotation.AutowiredAnnotationBeanPostProcessor$AutowiredFieldElement.inject(AutowiredAnnotationBeanPostProcessor.java:508)
	at org.springframework.beans.factory.annotation.InjectionMetadata.inject(InjectionMetadata.java:87)
	at org.springframework.beans.factory.annotation.AutowiredAnnotationBeanPostProcessor.postProcessPropertyValues(AutowiredAnnotationBeanPostProcessor.java:289)
	... 23 common frames omitted
Caused by: org.springframework.beans.factory.NoSuchBeanDefinitionException: No qualifying bean of type [org.myproject.ecommerce.core.services.MongoDBService] found for dependency: expected at least 1 bean which qualifies as autowire candidate for this dependency. Dependency annotations: {@org.springframework.beans.factory.annotation.Autowired(required=true)}
	at org.springframework.beans.factory.support.DefaultListableBeanFactory.raiseNoSuchBeanDefinitionException(DefaultListableBeanFactory.java:1103)
	at org.springframework.beans.factory.support.DefaultListableBeanFactory.doResolveDependency(DefaultListableBeanFactory.java:963)
	at org.springframework.beans.factory.support.DefaultListableBeanFactory.resolveDependency(DefaultListableBeanFactory.java:858)
	at org.springframework.beans.factory.annotation.AutowiredAnnotationBeanPostProcessor$AutowiredFieldElement.inject(AutowiredAnnotationBeanPostProcessor.java:480)
	... 25 common frames omitted
3879 [main] INFO  org.myproject.ecommerce.app.MainApp - Starting MainApp on Lenovo-PC with PID 7772 (started by guangjun in C:\Users\guangjun\intellij_idea_ecommerce\ecommerce)
3888 [main] DEBUG org.myproject.ecommerce.app.MainApp - Running with Spring Boot v1.1.5.RELEASE, Spring v4.0.6.RELEASE
4051 [main] INFO  o.s.c.a.AnnotationConfigApplicationContext - Refreshing org.springframework.context.annotation.AnnotationConfigApplicationContext@5bda8e08: startup date [Sun Jan 21 10:52:29 GMT 2018]; root of context hierarchy
7168 [main] INFO  o.s.b.l.ClasspathLoggingApplicationListener - Application failed to start with classpath: [jar:file:/C:/Users/guangjun/intellij_idea_ecommerce/ecommerce/ecommerce-application/target/ecommerce-application-1.0-SNAPSHOT.jar!/BOOT-INF/classes!/, jar:file:/C:/Users/guangjun/intellij_idea_ecommerce/ecommerce/ecommerce-application/target/ecommerce-application-1.0-SNAPSHOT.jar!/BOOT-INF/lib/ecommerce-core-1.0-SNAPSHOT.jar!/, jar:file:/C:/Users/guangjun/intellij_idea_ecommerce/ecommerce/ecommerce-application/target/ecommerce-application-1.0-SNAPSHOT.jar!/BOOT-INF/lib/spring-boot-starter-1.5.6.RELEASE.jar!/, jar:file:/C:/Users/guangjun/intellij_idea_ecommerce/ecommerce/ecommerce-application/target/ecommerce-application-1.0-SNAPSHOT.jar!/BOOT-INF/lib/spring-boot-1.1.5.RELEASE.jar!/, jar:file:/C:/Users/guangjun/intellij_idea_ecommerce/ecommerce/ecommerce-application/target/ecommerce-application-1.0-SNAPSHOT.jar!/BOOT-INF/lib/spring-context-4.0.6.RELEASE.jar!/, jar:file:/C:/Users/guangjun/intellij_idea_ecommerce/ecommerce/ecommerce-application/target/ecommerce-application-1.0-SNAPSHOT.jar!/BOOT-INF/lib/spring-aop-4.0.6.RELEASE.jar!/, jar:file:/C:/Users/guangjun/intellij_idea_ecommerce/ecommerce/ecommerce-application/target/ecommerce-application-1.0-SNAPSHOT.jar!/BOOT-INF/lib/aopalliance-1.0.jar!/, jar:file:/C:/Users/guangjun/intellij_idea_ecommerce/ecommerce/ecommerce-application/target/ecommerce-application-1.0-SNAPSHOT.jar!/BOOT-INF/lib/spring-beans-4.0.6.RELEASE.jar!/, jar:file:/C:/Users/guangjun/intellij_idea_ecommerce/ecommerce/ecommerce-application/target/ecommerce-application-1.0-SNAPSHOT.jar!/BOOT-INF/lib/spring-expression-4.0.6.RELEASE.jar!/, jar:file:/C:/Users/guangjun/intellij_idea_ecommerce/ecommerce/ecommerce-application/target/ecommerce-application-1.0-SNAPSHOT.jar!/BOOT-INF/lib/spring-boot-autoconfigure-1.1.5.RELEASE.jar!/, jar:file:/C:/Users/guangjun/intellij_idea_ecommerce/ecommerce/ecommerce-application/target/ecommerce-application-1.0-SNAPSHOT.jar!/BOOT-INF/lib/spring-boot-starter-logging-1.1.5.RELEASE.jar!/, jar:file:/C:/Users/guangjun/intellij_idea_ecommerce/ecommerce/ecommerce-application/target/ecommerce-application-1.0-SNAPSHOT.jar!/BOOT-INF/lib/jul-to-slf4j-1.7.7.jar!/, jar:file:/C:/Users/guangjun/intellij_idea_ecommerce/ecommerce/ecommerce-application/target/ecommerce-application-1.0-SNAPSHOT.jar!/BOOT-INF/lib/log4j-over-slf4j-1.7.7.jar!/, jar:file:/C:/Users/guangjun/intellij_idea_ecommerce/ecommerce/ecommerce-application/target/ecommerce-application-1.0-SNAPSHOT.jar!/BOOT-INF/lib/spring-core-4.0.6.RELEASE.jar!/, jar:file:/C:/Users/guangjun/intellij_idea_ecommerce/ecommerce/ecommerce-application/target/ecommerce-application-1.0-SNAPSHOT.jar!/BOOT-INF/lib/snakeyaml-1.13.jar!/, jar:file:/C:/Users/guangjun/intellij_idea_ecommerce/ecommerce/ecommerce-application/target/ecommerce-application-1.0-SNAPSHOT.jar!/BOOT-INF/lib/javax.annotation-api-1.3.1.jar!/, jar:file:/C:/Users/guangjun/intellij_idea_ecommerce/ecommerce/ecommerce-application/target/ecommerce-application-1.0-SNAPSHOT.jar!/BOOT-INF/lib/mongodb-driver-3.5.0.jar!/, jar:file:/C:/Users/guangjun/intellij_idea_ecommerce/ecommerce/ecommerce-application/target/ecommerce-application-1.0-SNAPSHOT.jar!/BOOT-INF/lib/bson-3.5.0.jar!/, jar:file:/C:/Users/guangjun/intellij_idea_ecommerce/ecommerce/ecommerce-application/target/ecommerce-application-1.0-SNAPSHOT.jar!/BOOT-INF/lib/mongodb-driver-core-3.5.0.jar!/, jar:file:/C:/Users/guangjun/intellij_idea_ecommerce/ecommerce/ecommerce-application/target/ecommerce-application-1.0-SNAPSHOT.jar!/BOOT-INF/lib/jackson-core-2.9.0.jar!/, jar:file:/C:/Users/guangjun/intellij_idea_ecommerce/ecommerce/ecommerce-application/target/ecommerce-application-1.0-SNAPSHOT.jar!/BOOT-INF/lib/jackson-annotations-2.9.0.jar!/, jar:file:/C:/Users/guangjun/intellij_idea_ecommerce/ecommerce/ecommerce-application/target/ecommerce-application-1.0-SNAPSHOT.jar!/BOOT-INF/lib/jackson-databind-2.9.0.jar!/, jar:file:/C:/Users/guangjun/intellij_idea_ecommerce/ecommerce/ecommerce-application/target/ecommerce-application-1.0-SNAPSHOT.jar!/BOOT-INF/lib/jackson-datatype-joda-2.9.0.jar!/, jar:file:/C:/Users/guangjun/intellij_idea_ecommerce/ecommerce/ecommerce-application/target/ecommerce-application-1.0-SNAPSHOT.jar!/BOOT-INF/lib/joda-time-2.3.jar!/, jar:file:/C:/Users/guangjun/intellij_idea_ecommerce/ecommerce/ecommerce-application/target/ecommerce-application-1.0-SNAPSHOT.jar!/BOOT-INF/lib/commons-lang3-3.6.jar!/, jar:file:/C:/Users/guangjun/intellij_idea_ecommerce/ecommerce/ecommerce-application/target/ecommerce-application-1.0-SNAPSHOT.jar!/BOOT-INF/lib/commons-io-1.3.2.jar!/, jar:file:/C:/Users/guangjun/intellij_idea_ecommerce/ecommerce/ecommerce-application/target/ecommerce-application-1.0-SNAPSHOT.jar!/BOOT-INF/lib/logback-classic-1.2.3.jar!/, jar:file:/C:/Users/guangjun/intellij_idea_ecommerce/ecommerce/ecommerce-application/target/ecommerce-application-1.0-SNAPSHOT.jar!/BOOT-INF/lib/logback-core-1.2.3.jar!/, jar:file:/C:/Users/guangjun/intellij_idea_ecommerce/ecommerce/ecommerce-application/target/ecommerce-application-1.0-SNAPSHOT.jar!/BOOT-INF/lib/slf4j-api-1.7.7.jar!/, jar:file:/C:/Users/guangjun/intellij_idea_ecommerce/ecommerce/ecommerce-application/target/ecommerce-application-1.0-SNAPSHOT.jar!/BOOT-INF/lib/jcl-over-slf4j-1.7.25.jar!/]
7174 [main] INFO  o.s.b.a.l.AutoConfigurationReportLoggingInitializer -

Error starting ApplicationContext. To display the auto-configuration report enabled debug logging (start with --debug)


7180 [main] ERROR o.s.boot.SpringApplication - Application startup failed
org.springframework.beans.factory.BeanCreationException: Error creating bean with name 'mainApp': Injection of autowired dependencies failed; nested exception is org.springframework.beans.factory.BeanCreationException: Could not autowire field: private org.myproject.ecommerce.core.services.MongoDBService org.myproject.ecommerce.app.MainApp.mongoDBService; nested exception is org.springframework.beans.factory.NoSuchBeanDefinitionException: No qualifying bean of type [org.myproject.ecommerce.core.services.MongoDBService] found for dependency: expected at least 1 bean which qualifies as autowire candidate for this dependency. Dependency annotations: {@org.springframework.beans.factory.annotation.Autowired(required=true)}
	at org.springframework.beans.factory.annotation.AutowiredAnnotationBeanPostProcessor.postProcessPropertyValues(AutowiredAnnotationBeanPostProcessor.java:292)
	at org.springframework.beans.factory.support.AbstractAutowireCapableBeanFactory.populateBean(AbstractAutowireCapableBeanFactory.java:1185)
	at org.springframework.beans.factory.support.AbstractAutowireCapableBeanFactory.doCreateBean(AbstractAutowireCapableBeanFactory.java:537)
	at org.springframework.beans.factory.support.AbstractAutowireCapableBeanFactory.createBean(AbstractAutowireCapableBeanFactory.java:475)
	at org.springframework.beans.factory.support.AbstractBeanFactory$1.getObject(AbstractBeanFactory.java:302)
	at org.springframework.beans.factory.support.DefaultSingletonBeanRegistry.getSingleton(DefaultSingletonBeanRegistry.java:228)
	at org.springframework.beans.factory.support.AbstractBeanFactory.doGetBean(AbstractBeanFactory.java:298)
	at org.springframework.beans.factory.support.AbstractBeanFactory.getBean(AbstractBeanFactory.java:193)
	at org.springframework.beans.factory.support.DefaultListableBeanFactory.preInstantiateSingletons(DefaultListableBeanFactory.java:703)
	at org.springframework.context.support.AbstractApplicationContext.finishBeanFactoryInitialization(AbstractApplicationContext.java:760)
	at org.springframework.context.support.AbstractApplicationContext.refresh(AbstractApplicationContext.java:482)
	at org.springframework.boot.SpringApplication.refresh(SpringApplication.java:691)
	at org.springframework.boot.SpringApplication.run(SpringApplication.java:320)
	at org.springframework.boot.SpringApplication.run(SpringApplication.java:952)
	at org.springframework.boot.SpringApplication.run(SpringApplication.java:941)
	at org.myproject.ecommerce.app.MainApp.main(MainApp.java:32)
	at java.base/jdk.internal.reflect.NativeMethodAccessorImpl.invoke0(Native Method)
	at java.base/jdk.internal.reflect.NativeMethodAccessorImpl.invoke(NativeMethodAccessorImpl.java:62)
	at java.base/jdk.internal.reflect.DelegatingMethodAccessorImpl.invoke(DelegatingMethodAccessorImpl.java:43)
	at java.base/java.lang.reflect.Method.invoke(Method.java:564)
	at org.springframework.boot.loader.MainMethodRunner.run(MainMethodRunner.java:48)
	at org.springframework.boot.loader.Launcher.launch(Launcher.java:87)
	at org.springframework.boot.loader.Launcher.launch(Launcher.java:50)
	at org.springframework.boot.loader.JarLauncher.main(JarLauncher.java:51)
Caused by: org.springframework.beans.factory.BeanCreationException: Could not autowire field: private org.myproject.ecommerce.core.services.MongoDBService org.myproject.ecommerce.app.MainApp.mongoDBService; nested exception is org.springframework.beans.factory.NoSuchBeanDefinitionException: No qualifying bean of type [org.myproject.ecommerce.core.services.MongoDBService] found for dependency: expected at least 1 bean which qualifies as autowire candidate for this dependency. Dependency annotations: {@org.springframework.beans.factory.annotation.Autowired(required=true)}
	at org.springframework.beans.factory.annotation.AutowiredAnnotationBeanPostProcessor$AutowiredFieldElement.inject(AutowiredAnnotationBeanPostProcessor.java:508)
	at org.springframework.beans.factory.annotation.InjectionMetadata.inject(InjectionMetadata.java:87)
	at org.springframework.beans.factory.annotation.AutowiredAnnotationBeanPostProcessor.postProcessPropertyValues(AutowiredAnnotationBeanPostProcessor.java:289)
	... 23 common frames omitted
Caused by: org.springframework.beans.factory.NoSuchBeanDefinitionException: No qualifying bean of type [org.myproject.ecommerce.core.services.MongoDBService] found for dependency: expected at least 1 bean which qualifies as autowire candidate for this dependency. Dependency annotations: {@org.springframework.beans.factory.annotation.Autowired(required=true)}
	at org.springframework.beans.factory.support.DefaultListableBeanFactory.raiseNoSuchBeanDefinitionException(DefaultListableBeanFactory.java:1103)
	at org.springframework.beans.factory.support.DefaultListableBeanFactory.doResolveDependency(DefaultListableBeanFactory.java:963)
	at org.springframework.beans.factory.support.DefaultListableBeanFactory.resolveDependency(DefaultListableBeanFactory.java:858)
	at org.springframework.beans.factory.annotation.AutowiredAnnotationBeanPostProcessor$AutowiredFieldElement.inject(AutowiredAnnotationBeanPostProcessor.java:480)
	... 25 common frames omitted
5060 [main] INFO  org.myproject.ecommerce.app.MainApp - Starting MainApp on Lenovo-PC with PID 2724 (C:\Users\guangjun\intellij_idea_ecommerce\ecommerce\ecommerce-application\target\ecommerce-application-1.0-SNAPSHOT.jar started by guangjun in C:\Users\guangjun\intellij_idea_ecommerce\ecommerce)
5077 [main] DEBUG org.myproject.ecommerce.app.MainApp - Running with Spring Boot v1.5.6.RELEASE, Spring v4.3.10.RELEASE
5078 [main] INFO  org.myproject.ecommerce.app.MainApp - No active profile set, falling back to default profiles: default
5370 [main] INFO  o.s.c.a.AnnotationConfigApplicationContext - Refreshing org.springframework.context.annotation.AnnotationConfigApplicationContext@7dc0f706: startup date [Sun Jan 21 12:01:25 GMT 2018]; root of context hierarchy
7326 [main] WARN  o.s.c.a.AnnotationConfigApplicationContext - Exception encountered during context initialization - cancelling refresh attempt: org.springframework.beans.factory.UnsatisfiedDependencyException: Error creating bean with name 'mainApp': Unsatisfied dependency expressed through field 'mongoDBService'; nested exception is org.springframework.beans.factory.NoSuchBeanDefinitionException: No qualifying bean of type 'org.myproject.ecommerce.core.services.MongoDBService' available: expected at least 1 bean which qualifies as autowire candidate. Dependency annotations: {@org.springframework.beans.factory.annotation.Autowired(required=true)}
7348 [main] INFO  o.s.b.a.l.AutoConfigurationReportLoggingInitializer -

Error starting ApplicationContext. To display the auto-configuration report re-run your application with 'debug' enabled.
7806 [main] ERROR o.s.b.d.LoggingFailureAnalysisReporter -

***************************
APPLICATION FAILED TO START
***************************

Description:

Field mongoDBService in org.myproject.ecommerce.app.MainApp required a bean of type 'org.myproject.ecommerce.core.services.MongoDBService' that could not be found.


Action:

Consider defining a bean of type 'org.myproject.ecommerce.core.services.MongoDBService' in your configuration.

4915 [main] INFO  org.myproject.ecommerce.app.MainApp - Starting MainApp on Lenovo-PC with PID 12768 (C:\Users\guangjun\intellij_idea_ecommerce\ecommerce\ecommerce-application\target\ecommerce-application-1.0-SNAPSHOT.jar started by guangjun in C:\Users\guangjun\intellij_idea_ecommerce\ecommerce)
4935 [main] DEBUG org.myproject.ecommerce.app.MainApp - Running with Spring Boot v1.5.6.RELEASE, Spring v4.3.10.RELEASE
4936 [main] INFO  org.myproject.ecommerce.app.MainApp - No active profile set, falling back to default profiles: default
5251 [main] INFO  o.s.c.a.AnnotationConfigApplicationContext - Refreshing org.springframework.context.annotation.AnnotationConfigApplicationContext@7dc0f706: startup date [Sun Jan 21 12:03:57 GMT 2018]; root of context hierarchy
8420 [main] WARN  o.s.c.a.AnnotationConfigApplicationContext - Exception encountered during context initialization - cancelling refresh attempt: org.springframework.beans.factory.UnsatisfiedDependencyException: Error creating bean with name 'mainApp': Unsatisfied dependency expressed through field 'mongoDBService'; nested exception is org.springframework.beans.factory.BeanCreationException: Error creating bean with name 'mongoDBService' defined in URL [jar:file:/C:/Users/guangjun/intellij_idea_ecommerce/ecommerce/ecommerce-application/target/ecommerce-application-1.0-SNAPSHOT.jar!/BOOT-INF/lib/ecommerce-core-1.0-SNAPSHOT.jar!/org/myproject/ecommerce/core/services/MongoDBService.class]: Instantiation of bean failed; nested exception is org.springframework.beans.BeanInstantiationException: Failed to instantiate [org.myproject.ecommerce.core.services.MongoDBService]: Constructor threw exception; nested exception is java.lang.NoClassDefFoundError: org/bson/codecs/pojo/PojoCodecProvider
8447 [main] INFO  o.s.b.a.l.AutoConfigurationReportLoggingInitializer -

Error starting ApplicationContext. To display the auto-configuration report re-run your application with 'debug' enabled.
8476 [main] ERROR o.s.boot.SpringApplication - Application startup failed
org.springframework.beans.factory.UnsatisfiedDependencyException: Error creating bean with name 'mainApp': Unsatisfied dependency expressed through field 'mongoDBService'; nested exception is org.springframework.beans.factory.BeanCreationException: Error creating bean with name 'mongoDBService' defined in URL [jar:file:/C:/Users/guangjun/intellij_idea_ecommerce/ecommerce/ecommerce-application/target/ecommerce-application-1.0-SNAPSHOT.jar!/BOOT-INF/lib/ecommerce-core-1.0-SNAPSHOT.jar!/org/myproject/ecommerce/core/services/MongoDBService.class]: Instantiation of bean failed; nested exception is org.springframework.beans.BeanInstantiationException: Failed to instantiate [org.myproject.ecommerce.core.services.MongoDBService]: Constructor threw exception; nested exception is java.lang.NoClassDefFoundError: org/bson/codecs/pojo/PojoCodecProvider
	at org.springframework.beans.factory.annotation.AutowiredAnnotationBeanPostProcessor$AutowiredFieldElement.inject(AutowiredAnnotationBeanPostProcessor.java:588)
	at org.springframework.beans.factory.annotation.InjectionMetadata.inject(InjectionMetadata.java:88)
	at org.springframework.beans.factory.annotation.AutowiredAnnotationBeanPostProcessor.postProcessPropertyValues(AutowiredAnnotationBeanPostProcessor.java:366)
	at org.springframework.beans.factory.support.AbstractAutowireCapableBeanFactory.populateBean(AbstractAutowireCapableBeanFactory.java:1264)
	at org.springframework.beans.factory.support.AbstractAutowireCapableBeanFactory.doCreateBean(AbstractAutowireCapableBeanFactory.java:553)
	at org.springframework.beans.factory.support.AbstractAutowireCapableBeanFactory.createBean(AbstractAutowireCapableBeanFactory.java:483)
	at org.springframework.beans.factory.support.AbstractBeanFactory$1.getObject(AbstractBeanFactory.java:306)
	at org.springframework.beans.factory.support.DefaultSingletonBeanRegistry.getSingleton(DefaultSingletonBeanRegistry.java:230)
	at org.springframework.beans.factory.support.AbstractBeanFactory.doGetBean(AbstractBeanFactory.java:302)
	at org.springframework.beans.factory.support.AbstractBeanFactory.getBean(AbstractBeanFactory.java:197)
	at org.springframework.beans.factory.support.DefaultListableBeanFactory.preInstantiateSingletons(DefaultListableBeanFactory.java:761)
	at org.springframework.context.support.AbstractApplicationContext.finishBeanFactoryInitialization(AbstractApplicationContext.java:867)
	at org.springframework.context.support.AbstractApplicationContext.refresh(AbstractApplicationContext.java:543)
	at org.springframework.boot.SpringApplication.refresh(SpringApplication.java:693)
	at org.springframework.boot.SpringApplication.refreshContext(SpringApplication.java:360)
	at org.springframework.boot.SpringApplication.run(SpringApplication.java:303)
	at org.springframework.boot.SpringApplication.run(SpringApplication.java:1118)
	at org.springframework.boot.SpringApplication.run(SpringApplication.java:1107)
	at org.myproject.ecommerce.app.MainApp.main(MainApp.java:28)
	at java.base/jdk.internal.reflect.NativeMethodAccessorImpl.invoke0(Native Method)
	at java.base/jdk.internal.reflect.NativeMethodAccessorImpl.invoke(NativeMethodAccessorImpl.java:62)
	at java.base/jdk.internal.reflect.DelegatingMethodAccessorImpl.invoke(DelegatingMethodAccessorImpl.java:43)
	at java.base/java.lang.reflect.Method.invoke(Method.java:564)
	at org.springframework.boot.loader.MainMethodRunner.run(MainMethodRunner.java:48)
	at org.springframework.boot.loader.Launcher.launch(Launcher.java:87)
	at org.springframework.boot.loader.Launcher.launch(Launcher.java:50)
	at org.springframework.boot.loader.JarLauncher.main(JarLauncher.java:51)
Caused by: org.springframework.beans.factory.BeanCreationException: Error creating bean with name 'mongoDBService' defined in URL [jar:file:/C:/Users/guangjun/intellij_idea_ecommerce/ecommerce/ecommerce-application/target/ecommerce-application-1.0-SNAPSHOT.jar!/BOOT-INF/lib/ecommerce-core-1.0-SNAPSHOT.jar!/org/myproject/ecommerce/core/services/MongoDBService.class]: Instantiation of bean failed; nested exception is org.springframework.beans.BeanInstantiationException: Failed to instantiate [org.myproject.ecommerce.core.services.MongoDBService]: Constructor threw exception; nested exception is java.lang.NoClassDefFoundError: org/bson/codecs/pojo/PojoCodecProvider
	at org.springframework.beans.factory.support.AbstractAutowireCapableBeanFactory.instantiateBean(AbstractAutowireCapableBeanFactory.java:1155)
	at org.springframework.beans.factory.support.AbstractAutowireCapableBeanFactory.createBeanInstance(AbstractAutowireCapableBeanFactory.java:1099)
	at org.springframework.beans.factory.support.AbstractAutowireCapableBeanFactory.doCreateBean(AbstractAutowireCapableBeanFactory.java:513)
	at org.springframework.beans.factory.support.AbstractAutowireCapableBeanFactory.createBean(AbstractAutowireCapableBeanFactory.java:483)
	at org.springframework.beans.factory.support.AbstractBeanFactory$1.getObject(AbstractBeanFactory.java:306)
	at org.springframework.beans.factory.support.DefaultSingletonBeanRegistry.getSingleton(DefaultSingletonBeanRegistry.java:230)
	at org.springframework.beans.factory.support.AbstractBeanFactory.doGetBean(AbstractBeanFactory.java:302)
	at org.springframework.beans.factory.support.AbstractBeanFactory.getBean(AbstractBeanFactory.java:202)
	at org.springframework.beans.factory.config.DependencyDescriptor.resolveCandidate(DependencyDescriptor.java:208)
	at org.springframework.beans.factory.support.DefaultListableBeanFactory.doResolveDependency(DefaultListableBeanFactory.java:1138)
	at org.springframework.beans.factory.support.DefaultListableBeanFactory.resolveDependency(DefaultListableBeanFactory.java:1066)
	at org.springframework.beans.factory.annotation.AutowiredAnnotationBeanPostProcessor$AutowiredFieldElement.inject(AutowiredAnnotationBeanPostProcessor.java:585)
	... 26 common frames omitted
Caused by: org.springframework.beans.BeanInstantiationException: Failed to instantiate [org.myproject.ecommerce.core.services.MongoDBService]: Constructor threw exception; nested exception is java.lang.NoClassDefFoundError: org/bson/codecs/pojo/PojoCodecProvider
	at org.springframework.beans.BeanUtils.instantiateClass(BeanUtils.java:154)
	at org.springframework.beans.factory.support.SimpleInstantiationStrategy.instantiate(SimpleInstantiationStrategy.java:89)
	at org.springframework.beans.factory.support.AbstractAutowireCapableBeanFactory.instantiateBean(AbstractAutowireCapableBeanFactory.java:1147)
	... 37 common frames omitted
Caused by: java.lang.NoClassDefFoundError: org/bson/codecs/pojo/PojoCodecProvider
	at org.myproject.ecommerce.core.services.MongoDBService.<init>(MongoDBService.java:45)
	at java.base/jdk.internal.reflect.NativeConstructorAccessorImpl.newInstance0(Native Method)
	at java.base/jdk.internal.reflect.NativeConstructorAccessorImpl.newInstance(NativeConstructorAccessorImpl.java:62)
	at java.base/jdk.internal.reflect.DelegatingConstructorAccessorImpl.newInstance(DelegatingConstructorAccessorImpl.java:45)
	at java.base/java.lang.reflect.Constructor.newInstance(Constructor.java:488)
	at org.springframework.beans.BeanUtils.instantiateClass(BeanUtils.java:142)
	... 39 common frames omitted
Caused by: java.lang.ClassNotFoundException: org.bson.codecs.pojo.PojoCodecProvider
	at java.base/java.net.URLClassLoader.findClass(URLClassLoader.java:466)
	at java.base/java.lang.ClassLoader.loadClass(ClassLoader.java:563)
	at org.springframework.boot.loader.LaunchedURLClassLoader.loadClass(LaunchedURLClassLoader.java:94)
	at java.base/java.lang.ClassLoader.loadClass(ClassLoader.java:496)
	... 45 common frames omitted
6253 [main] INFO  org.myproject.ecommerce.app.MainApp - Starting MainApp on Lenovo-PC with PID 11412 (C:\Users\guangjun\intellij_idea_ecommerce\ecommerce\ecommerce-application\target\ecommerce-application-1.0-SNAPSHOT.jar started by guangjun in C:\Users\guangjun\intellij_idea_ecommerce\ecommerce)
6274 [main] DEBUG org.myproject.ecommerce.app.MainApp - Running with Spring Boot v1.5.6.RELEASE, Spring v4.3.10.RELEASE
6276 [main] INFO  org.myproject.ecommerce.app.MainApp - No active profile set, falling back to default profiles: default
6686 [main] INFO  o.s.c.a.AnnotationConfigApplicationContext - Refreshing org.springframework.context.annotation.AnnotationConfigApplicationContext@7dc0f706: startup date [Sun Jan 21 12:09:00 GMT 2018]; root of context hierarchy
12827 [main] INFO  org.mongodb.driver.cluster - Cluster created with settings {hosts=[localhost:27017], mode=SINGLE, requiredClusterType=UNKNOWN, serverSelectionTimeout='30000 ms', maxWaitQueueSize=500}
13297 [cluster-ClusterId{value='5a6482e21ed5a52c94975741', description='null'}-localhost:27017] INFO  org.mongodb.driver.connection - Opened connection [connectionId{localValue:1}] to localhost:27017
13316 [cluster-ClusterId{value='5a6482e21ed5a52c94975741', description='null'}-localhost:27017] INFO  org.mongodb.driver.cluster - Monitor thread successfully connected to server with description ServerDescription{address=localhost:27017, type=SHARD_ROUTER, state=CONNECTED, ok=true, version=ServerVersion{versionList=[3, 4, 7]}, minWireVersion=0, maxWireVersion=5, maxDocumentSize=16777216, roundTripTimeNanos=2354493}
13563 [main] INFO  org.mongodb.driver.connection - Opened connection [connectionId{localValue:2}] to localhost:27017
20825 [main] INFO  org.mongodb.driver.cluster - Cluster created with settings {hosts=[localhost:27017], mode=SINGLE, requiredClusterType=UNKNOWN, serverSelectionTimeout='30000 ms', maxWaitQueueSize=500}
20859 [cluster-ClusterId{value='5a6482ea1ed5a52c94975743', description='null'}-localhost:27017] INFO  org.mongodb.driver.connection - Opened connection [connectionId{localValue:3}] to localhost:27017
20865 [cluster-ClusterId{value='5a6482ea1ed5a52c94975743', description='null'}-localhost:27017] INFO  org.mongodb.driver.cluster - Monitor thread successfully connected to server with description ServerDescription{address=localhost:27017, type=SHARD_ROUTER, state=CONNECTED, ok=true, version=ServerVersion{versionList=[3, 4, 7]}, minWireVersion=0, maxWireVersion=5, maxDocumentSize=16777216, roundTripTimeNanos=1890573}
21160 [main] INFO  o.s.j.e.a.AnnotationMBeanExporter - Registering beans for JMX exposure on startup
21224 [main] INFO  org.myproject.ecommerce.app.MainApp - Start MongoDB Sharding Application ...
21225 [main] INFO  org.myproject.ecommerce.app.MainApp - MongoDB Sharding Application Complete ...
21232 [main] INFO  org.myproject.ecommerce.app.MainApp - Started MainApp in 17.599 seconds (JVM running for 22.692)
21235 [main] INFO  o.s.c.a.AnnotationConfigApplicationContext - Closing org.springframework.context.annotation.AnnotationConfigApplicationContext@7dc0f706: startup date [Sun Jan 21 12:09:00 GMT 2018]; root of context hierarchy
21255 [main] INFO  o.s.j.e.a.AnnotationMBeanExporter - Unregistering JMX-exposed beans on shutdown
21258 [main] INFO  o.m.e.core.services.MongoDBService - dispose of mongoClient
21263 [main] INFO  org.mongodb.driver.connection - Closed connection [connectionId{localValue:2}] to localhost:27017 because the pool has been closed.
